[2021-07-02 19:47:40.245] [exthost] [info] extension host started
[2021-07-02 19:47:40.312] [exthost] [info] ExtensionService#_doActivateExtension vscode.debug-auto-launch {"startup":true,"extensionId":{"value":"vscode.debug-auto-launch","_lower":"vscode.debug-auto-launch"},"activationEvent":"*"}
[2021-07-02 19:47:40.312] [exthost] [info] ExtensionService#loadCommonJSModule file:///home/jumprix/.vscode-server/bin/507ce72a4466fbb27b715c3722558bb15afa9f48/extensions/debug-auto-launch/dist/extension
[2021-07-02 19:47:40.317] [exthost] [info] ExtensionService#_doActivateExtension vscode.git {"startup":true,"extensionId":{"value":"vscode.github","_lower":"vscode.github"},"activationEvent":"*"}
[2021-07-02 19:47:40.317] [exthost] [info] ExtensionService#loadCommonJSModule file:///home/jumprix/.vscode-server/bin/507ce72a4466fbb27b715c3722558bb15afa9f48/extensions/git/dist/main
[2021-07-02 19:47:40.378] [exthost] [info] ExtensionService#_doActivateExtension GitHub.vscode-pull-request-github {"startup":true,"extensionId":{"value":"GitHub.vscode-pull-request-github","_lower":"github.vscode-pull-request-github"},"activationEvent":"*"}
[2021-07-02 19:47:40.378] [exthost] [info] ExtensionService#loadCommonJSModule file:///home/jumprix/.vscode-server/extensions/github.vscode-pull-request-github-0.27.1/dist/extension
[2021-07-02 19:47:40.435] [exthost] [info] ExtensionService#_doActivateExtension ritwickdey.LiveServer {"startup":true,"extensionId":{"value":"ritwickdey.LiveServer","_lower":"ritwickdey.liveserver"},"activationEvent":"*"}
[2021-07-02 19:47:40.435] [exthost] [info] ExtensionService#loadCommonJSModule file:///home/jumprix/.vscode-server/extensions/ritwickdey.liveserver-5.6.1/out/src/extension
[2021-07-02 19:47:40.689] [exthost] [info] ExtensionService#_doActivateExtension vscode.github {"startup":true,"extensionId":{"value":"vscode.github","_lower":"vscode.github"},"activationEvent":"*"}
[2021-07-02 19:47:40.690] [exthost] [info] ExtensionService#loadCommonJSModule file:///home/jumprix/.vscode-server/bin/507ce72a4466fbb27b715c3722558bb15afa9f48/extensions/github/dist/extension.js
[2021-07-02 19:47:40.883] [exthost] [warning] [Decorations] CAPPING events from decorations provider vscode.git 4288
[2021-07-02 19:47:42.019] [exthost] [info] ExtensionService#_doActivateExtension vscode.emmet {"startup":false,"extensionId":{"value":"vscode.emmet","_lower":"vscode.emmet"},"activationEvent":"onStartupFinished"}
[2021-07-02 19:47:42.019] [exthost] [info] ExtensionService#loadCommonJSModule file:///home/jumprix/.vscode-server/bin/507ce72a4466fbb27b715c3722558bb15afa9f48/extensions/emmet/dist/node/emmetNodeMain
[2021-07-02 19:47:42.030] [exthost] [info] ExtensionService#_doActivateExtension vscode.merge-conflict {"startup":false,"extensionId":{"value":"vscode.merge-conflict","_lower":"vscode.merge-conflict"},"activationEvent":"onStartupFinished"}
[2021-07-02 19:47:42.030] [exthost] [info] ExtensionService#loadCommonJSModule file:///home/jumprix/.vscode-server/bin/507ce72a4466fbb27b715c3722558bb15afa9f48/extensions/merge-conflict/dist/mergeConflictMain
[2021-07-02 19:47:42.033] [exthost] [info] ExtensionService#_doActivateExtension vscode.testing-editor-contributions {"startup":false,"extensionId":{"value":"vscode.testing-editor-contributions","_lower":"vscode.testing-editor-contributions"},"activationEvent":"onStartupFinished"}
[2021-07-02 19:47:42.033] [exthost] [info] ExtensionService#loadCommonJSModule file:///home/jumprix/.vscode-server/bin/507ce72a4466fbb27b715c3722558bb15afa9f48/extensions/testing-editor-contributions/dist/extension.js
[2021-07-02 19:47:42.033] [exthost] [info] eager extensions activated
[2021-07-02 19:47:42.088] [exthost] [warning] [Decorations] CAPPING events from decorations provider vscode.git 4288
[2021-07-02 19:47:42.162] [exthost] [info] ExtensionService#_doActivateExtension ms-vscode.js-debug {"startup":false,"extensionId":{"value":"ms-vscode.js-debug","_lower":"ms-vscode.js-debug"},"activationEvent":"onCommand:extension.js-debug.clearAutoAttachVariables"}
[2021-07-02 19:47:42.162] [exthost] [info] ExtensionService#loadCommonJSModule file:///home/jumprix/.vscode-server/bin/507ce72a4466fbb27b715c3722558bb15afa9f48/extensions/ms-vscode.js-debug/src/extension.js
[2021-07-02 19:47:43.796] [exthost] [warning] [Decorations] CAPPING events from decorations provider vscode.git 4288
[2021-07-02 19:47:48.909] [exthost] [warning] [Decorations] CAPPING events from decorations provider vscode.git 4288
[2021-07-02 19:47:56.157] [exthost] [warning] [Decorations] CAPPING events from decorations provider vscode.git 4288
[2021-07-02 19:48:01.255] [exthost] [warning] [Decorations] CAPPING events from decorations provider vscode.git 4288
[2021-07-02 19:48:06.355] [exthost] [warning] [Decorations] CAPPING events from decorations provider vscode.git 4288
[2021-07-02 19:48:11.452] [exthost] [warning] [Decorations] CAPPING events from decorations provider vscode.git 4288
[2021-07-02 19:48:16.557] [exthost] [warning] [Decorations] CAPPING events from decorations provider vscode.git 4288
[2021-07-02 19:48:21.672] [exthost] [warning] [Decorations] CAPPING events from decorations provider vscode.git 4288
[2021-07-02 19:48:44.568] [exthost] [warning] [Decorations] CAPPING events from decorations provider vscode.git 4288
[2021-07-02 19:48:49.710] [exthost] [warning] [Decorations] CAPPING events from decorations provider vscode.git 4288
[2021-07-02 19:48:54.822] [exthost] [warning] [Decorations] CAPPING events from decorations provider vscode.git 4288
[2021-07-02 19:48:59.925] [exthost] [warning] [Decorations] CAPPING events from decorations provider vscode.git 4288
[2021-07-02 19:49:05.028] [exthost] [warning] [Decorations] CAPPING events from decorations provider vscode.git 4288
[2021-07-02 19:49:18.164] [exthost] [warning] [Decorations] CAPPING events from decorations provider vscode.git 4288
[2021-07-02 19:49:23.265] [exthost] [warning] [Decorations] CAPPING events from decorations provider vscode.git 4288
[2021-07-02 19:49:28.373] [exthost] [warning] [Decorations] CAPPING events from decorations provider vscode.git 4288
[2021-07-02 19:49:33.476] [exthost] [warning] [Decorations] CAPPING events from decorations provider vscode.git 4288
[2021-07-02 19:49:34.751] [exthost] [info] ExtensionService#_doActivateExtension vscode.typescript-language-features {"startup":false,"extensionId":{"value":"vscode.typescript-language-features","_lower":"vscode.typescript-language-features"},"activationEvent":"onLanguage:javascript"}
[2021-07-02 19:49:34.752] [exthost] [info] ExtensionService#loadCommonJSModule file:///home/jumprix/.vscode-server/bin/507ce72a4466fbb27b715c3722558bb15afa9f48/extensions/typescript-language-features/dist/extension
[2021-07-02 19:49:38.590] [exthost] [warning] [Decorations] CAPPING events from decorations provider vscode.git 4289
[2021-07-02 19:49:43.710] [exthost] [warning] [Decorations] CAPPING events from decorations provider vscode.git 4297
[2021-07-02 19:49:48.825] [exthost] [warning] [Decorations] CAPPING events from decorations provider vscode.git 4297
[2021-07-02 19:49:53.985] [exthost] [warning] [Decorations] CAPPING events from decorations provider vscode.git 4297
[2021-07-02 19:49:57.475] [exthost] [info] ExtensionService#_doActivateExtension vscode.extension-editing {"startup":false,"extensionId":{"value":"vscode.extension-editing","_lower":"vscode.extension-editing"},"activationEvent":"onLanguage:markdown"}
[2021-07-02 19:49:57.475] [exthost] [info] ExtensionService#loadCommonJSModule file:///home/jumprix/.vscode-server/bin/507ce72a4466fbb27b715c3722558bb15afa9f48/extensions/extension-editing/dist/extensionEditingMain
[2021-07-02 19:49:57.492] [exthost] [info] ExtensionService#_doActivateExtension vscode.markdown-language-features {"startup":false,"extensionId":{"value":"vscode.markdown-language-features","_lower":"vscode.markdown-language-features"},"activationEvent":"onLanguage:markdown"}
[2021-07-02 19:49:57.493] [exthost] [info] ExtensionService#loadCommonJSModule file:///home/jumprix/.vscode-server/bin/507ce72a4466fbb27b715c3722558bb15afa9f48/extensions/markdown-language-features/dist/extension
[2021-07-02 19:49:57.995] [exthost] [info] ExtensionService#_doActivateExtension vscode.configuration-editing {"startup":false,"extensionId":{"value":"vscode.configuration-editing","_lower":"vscode.configuration-editing"},"activationEvent":"onLanguage:json"}
[2021-07-02 19:49:57.995] [exthost] [info] ExtensionService#loadCommonJSModule file:///home/jumprix/.vscode-server/bin/507ce72a4466fbb27b715c3722558bb15afa9f48/extensions/configuration-editing/dist/configurationEditingMain
[2021-07-02 19:49:58.000] [exthost] [info] ExtensionService#_doActivateExtension vscode.json-language-features {"startup":false,"extensionId":{"value":"vscode.json-language-features","_lower":"vscode.json-language-features"},"activationEvent":"onLanguage:json"}
[2021-07-02 19:49:58.000] [exthost] [info] ExtensionService#loadCommonJSModule file:///home/jumprix/.vscode-server/bin/507ce72a4466fbb27b715c3722558bb15afa9f48/extensions/json-language-features/client/dist/node/jsonClientMain
[2021-07-02 19:49:58.042] [exthost] [info] ExtensionService#_doActivateExtension vscode.npm {"startup":false,"extensionId":{"value":"vscode.npm","_lower":"vscode.npm"},"activationEvent":"onLanguage:json"}
[2021-07-02 19:49:58.042] [exthost] [info] ExtensionService#loadCommonJSModule file:///home/jumprix/.vscode-server/bin/507ce72a4466fbb27b715c3722558bb15afa9f48/extensions/npm/dist/npmMain
[2021-07-02 19:49:59.110] [exthost] [warning] [Decorations] CAPPING events from decorations provider vscode.git 4297
[2021-07-02 19:50:04.219] [exthost] [warning] [Decorations] CAPPING events from decorations provider vscode.git 4297
[2021-07-02 19:50:09.343] [exthost] [warning] [Decorations] CAPPING events from decorations provider vscode.git 4297
[2021-07-02 19:50:14.452] [exthost] [warning] [Decorations] CAPPING events from decorations provider vscode.git 4297
[2021-07-02 19:50:19.575] [exthost] [warning] [Decorations] CAPPING events from decorations provider vscode.git 4297
[2021-07-02 19:53:29.253] [exthost] [warning] [Decorations] CAPPING events from decorations provider vscode.git 4297
[2021-07-02 19:53:30.786] [exthost] [warning] [Decorations] CAPPING events from decorations provider vscode.git 4297
[2021-07-02 19:53:34.387] [exthost] [warning] [Decorations] CAPPING events from decorations provider vscode.git 4297
[2021-07-02 19:53:39.500] [exthost] [warning] [Decorations] CAPPING events from decorations provider vscode.git 4297
[2021-07-02 19:53:44.601] [exthost] [warning] [Decorations] CAPPING events from decorations provider vscode.git 4297
[2021-07-02 19:53:49.708] [exthost] [warning] [Decorations] CAPPING events from decorations provider vscode.git 4297
[2021-07-02 19:53:54.822] [exthost] [warning] [Decorations] CAPPING events from decorations provider vscode.git 4297
[2021-07-02 19:53:59.943] [exthost] [warning] [Decorations] CAPPING events from decorations provider vscode.git 4297
[2021-07-02 19:54:05.046] [exthost] [warning] [Decorations] CAPPING events from decorations provider vscode.git 4297
[2021-07-02 19:54:13.276] [exthost] [warning] [Decorations] CAPPING events from decorations provider vscode.git 4297
[2021-07-02 19:54:18.382] [exthost] [warning] [Decorations] CAPPING events from decorations provider vscode.git 4297
[2021-07-02 19:54:23.485] [exthost] [warning] [Decorations] CAPPING events from decorations provider vscode.git 4297
[2021-07-02 19:54:28.632] [exthost] [warning] [Decorations] CAPPING events from decorations provider vscode.git 4297
[2021-07-02 19:55:07.191] [exthost] [warning] [Decorations] CAPPING events from decorations provider vscode.git 4297
[2021-07-02 19:55:50.186] [exthost] [warning] [Decorations] CAPPING events from decorations provider vscode.git 4297
[2021-07-02 19:55:55.302] [exthost] [warning] [Decorations] CAPPING events from decorations provider vscode.git 4297
[2021-07-02 19:56:00.417] [exthost] [warning] [Decorations] CAPPING events from decorations provider vscode.git 4297
[2021-07-02 19:56:05.531] [exthost] [warning] [Decorations] CAPPING events from decorations provider vscode.git 4297
[2021-07-02 19:56:10.651] [exthost] [warning] [Decorations] CAPPING events from decorations provider vscode.git 4297
[2021-07-02 19:56:15.771] [exthost] [warning] [Decorations] CAPPING events from decorations provider vscode.git 4297
[2021-07-02 19:56:20.894] [exthost] [warning] [Decorations] CAPPING events from decorations provider vscode.git 4297
[2021-07-02 19:56:26.023] [exthost] [warning] [Decorations] CAPPING events from decorations provider vscode.git 4297
[2021-07-02 19:56:31.312] [exthost] [warning] [Decorations] CAPPING events from decorations provider vscode.git 4297
[2021-07-02 19:56:32.595] [exthost] [warning] [Decorations] CAPPING events from decorations provider vscode.git 4297
[2021-07-02 19:56:37.748] [exthost] [warning] [Decorations] CAPPING events from decorations provider vscode.git 4297
[2021-07-02 19:56:42.920] [exthost] [warning] [Decorations] CAPPING events from decorations provider vscode.git 4297
[2021-07-02 19:56:48.055] [exthost] [warning] [Decorations] CAPPING events from decorations provider vscode.git 4297
[2021-07-02 19:56:53.176] [exthost] [warning] [Decorations] CAPPING events from decorations provider vscode.git 4297
[2021-07-02 19:56:58.290] [exthost] [warning] [Decorations] CAPPING events from decorations provider vscode.git 4297
[2021-07-02 19:57:03.446] [exthost] [warning] [Decorations] CAPPING events from decorations provider vscode.git 4297
[2021-07-02 19:57:08.562] [exthost] [warning] [Decorations] CAPPING events from decorations provider vscode.git 4297
[2021-07-02 19:57:13.674] [exthost] [warning] [Decorations] CAPPING events from decorations provider vscode.git 4297
[2021-07-02 19:57:18.786] [exthost] [warning] [Decorations] CAPPING events from decorations provider vscode.git 4297
[2021-07-02 19:57:23.926] [exthost] [warning] [Decorations] CAPPING events from decorations provider vscode.git 4297
[2021-07-02 19:57:29.044] [exthost] [warning] [Decorations] CAPPING events from decorations provider vscode.git 4297
[2021-07-02 19:57:34.156] [exthost] [warning] [Decorations] CAPPING events from decorations provider vscode.git 4297
[2021-07-02 19:57:39.273] [exthost] [warning] [Decorations] CAPPING events from decorations provider vscode.git 4297
[2021-07-02 19:57:44.378] [exthost] [warning] [Decorations] CAPPING events from decorations provider vscode.git 4297
[2021-07-02 19:57:49.529] [exthost] [warning] [Decorations] CAPPING events from decorations provider vscode.git 4297
[2021-07-02 19:57:54.652] [exthost] [warning] [Decorations] CAPPING events from decorations provider vscode.git 4297
[2021-07-02 19:57:59.770] [exthost] [warning] [Decorations] CAPPING events from decorations provider vscode.git 4297
[2021-07-02 19:58:04.885] [exthost] [warning] [Decorations] CAPPING events from decorations provider vscode.git 4297
[2021-07-02 19:58:10.000] [exthost] [warning] [Decorations] CAPPING events from decorations provider vscode.git 4297
[2021-07-02 19:59:54.109] [exthost] [warning] [Decorations] CAPPING events from decorations provider vscode.git 4297
[2021-07-02 19:59:55.507] [exthost] [warning] [Decorations] CAPPING events from decorations provider vscode.git 4297
[2021-07-02 19:59:59.255] [exthost] [warning] [Decorations] CAPPING events from decorations provider vscode.git 4297
[2021-07-02 20:00:04.417] [exthost] [warning] [Decorations] CAPPING events from decorations provider vscode.git 4297
[2021-07-02 20:00:09.533] [exthost] [warning] [Decorations] CAPPING events from decorations provider vscode.git 4297
[2021-07-02 20:00:14.634] [exthost] [warning] [Decorations] CAPPING events from decorations provider vscode.git 4297
[2021-07-02 20:00:19.741] [exthost] [warning] [Decorations] CAPPING events from decorations provider vscode.git 4297
[2021-07-02 20:00:24.849] [exthost] [warning] [Decorations] CAPPING events from decorations provider vscode.git 4297
[2021-07-02 20:00:29.962] [exthost] [warning] [Decorations] CAPPING events from decorations provider vscode.git 4297
[2021-07-02 20:00:35.077] [exthost] [warning] [Decorations] CAPPING events from decorations provider vscode.git 4297
[2021-07-02 20:00:59.024] [exthost] [warning] [Decorations] CAPPING events from decorations provider vscode.git 4297
[2021-07-02 20:01:04.169] [exthost] [warning] [Decorations] CAPPING events from decorations provider vscode.git 4297
[2021-07-02 20:01:09.275] [exthost] [warning] [Decorations] CAPPING events from decorations provider vscode.git 4297
[2021-07-02 20:01:48.856] [exthost] [warning] [Decorations] CAPPING events from decorations provider vscode.git 4297
[2021-07-02 20:01:53.985] [exthost] [warning] [Decorations] CAPPING events from decorations provider vscode.git 4297
[2021-07-02 20:01:59.138] [exthost] [warning] [Decorations] CAPPING events from decorations provider vscode.git 4297
[2021-07-02 20:02:04.259] [exthost] [warning] [Decorations] CAPPING events from decorations provider vscode.git 4297
[2021-07-02 20:02:09.367] [exthost] [warning] [Decorations] CAPPING events from decorations provider vscode.git 4297
[2021-07-02 20:02:14.500] [exthost] [warning] [Decorations] CAPPING events from decorations provider vscode.git 4297
[2021-07-02 20:02:19.641] [exthost] [warning] [Decorations] CAPPING events from decorations provider vscode.git 4297
[2021-07-02 20:02:24.771] [exthost] [warning] [Decorations] CAPPING events from decorations provider vscode.git 4297
[2021-07-02 20:02:29.894] [exthost] [warning] [Decorations] CAPPING events from decorations provider vscode.git 4297
[2021-07-02 20:02:35.047] [exthost] [warning] [Decorations] CAPPING events from decorations provider vscode.git 4297
[2021-07-02 20:02:40.215] [exthost] [warning] [Decorations] CAPPING events from decorations provider vscode.git 4297
[2021-07-02 20:02:45.330] [exthost] [warning] [Decorations] CAPPING events from decorations provider vscode.git 4297
[2021-07-02 20:02:50.444] [exthost] [warning] [Decorations] CAPPING events from decorations provider vscode.git 4297
[2021-07-02 20:02:55.561] [exthost] [warning] [Decorations] CAPPING events from decorations provider vscode.git 4297
[2021-07-02 20:02:56.865] [exthost] [warning] [Decorations] CAPPING events from decorations provider vscode.git 4297
[2021-07-02 20:04:35.360] [exthost] [warning] [Decorations] CAPPING events from decorations provider vscode.git 4297
[2021-07-02 20:04:40.469] [exthost] [warning] [Decorations] CAPPING events from decorations provider vscode.git 4297
[2021-07-02 20:04:45.580] [exthost] [warning] [Decorations] CAPPING events from decorations provider vscode.git 4297
[2021-07-02 20:04:50.689] [exthost] [warning] [Decorations] CAPPING events from decorations provider vscode.git 4297
[2021-07-02 20:04:55.810] [exthost] [warning] [Decorations] CAPPING events from decorations provider vscode.git 4297
[2021-07-02 20:05:00.931] [exthost] [warning] [Decorations] CAPPING events from decorations provider vscode.git 4297
[2021-07-02 20:05:06.052] [exthost] [warning] [Decorations] CAPPING events from decorations provider vscode.git 4297
[2021-07-02 20:05:18.032] [exthost] [warning] [Decorations] CAPPING events from decorations provider vscode.git 4297
[2021-07-02 20:05:23.164] [exthost] [warning] [Decorations] CAPPING events from decorations provider vscode.git 4297
[2021-07-02 20:05:28.294] [exthost] [warning] [Decorations] CAPPING events from decorations provider vscode.git 4297
[2021-07-02 20:05:33.423] [exthost] [warning] [Decorations] CAPPING events from decorations provider vscode.git 4297
[2021-07-02 20:05:38.584] [exthost] [warning] [Decorations] CAPPING events from decorations provider vscode.git 4297
[2021-07-02 20:05:43.711] [exthost] [warning] [Decorations] CAPPING events from decorations provider vscode.git 4297
[2021-07-02 20:05:48.832] [exthost] [warning] [Decorations] CAPPING events from decorations provider vscode.git 4297
[2021-07-02 20:05:53.969] [exthost] [warning] [Decorations] CAPPING events from decorations provider vscode.git 4297
[2021-07-02 20:05:57.353] [exthost] [warning] [Decorations] CAPPING events from decorations provider vscode.git 4297
[2021-07-02 20:05:59.096] [exthost] [warning] [Decorations] CAPPING events from decorations provider vscode.git 4297
[2021-07-02 20:06:04.203] [exthost] [warning] [Decorations] CAPPING events from decorations provider vscode.git 4297
[2021-07-02 20:06:09.320] [exthost] [warning] [Decorations] CAPPING events from decorations provider vscode.git 4297
[2021-07-02 20:06:14.433] [exthost] [warning] [Decorations] CAPPING events from decorations provider vscode.git 4297
[2021-07-02 20:06:19.570] [exthost] [warning] [Decorations] CAPPING events from decorations provider vscode.git 4297
[2021-07-02 20:06:24.688] [exthost] [warning] [Decorations] CAPPING events from decorations provider vscode.git 4297
[2021-07-02 20:06:29.807] [exthost] [warning] [Decorations] CAPPING events from decorations provider vscode.git 4297
[2021-07-02 20:06:34.925] [exthost] [warning] [Decorations] CAPPING events from decorations provider vscode.git 4297
[2021-07-02 20:06:40.068] [exthost] [warning] [Decorations] CAPPING events from decorations provider vscode.git 4297
[2021-07-02 20:06:45.183] [exthost] [warning] [Decorations] CAPPING events from decorations provider vscode.git 4297
[2021-07-02 20:06:50.296] [exthost] [warning] [Decorations] CAPPING events from decorations provider vscode.git 4297
[2021-07-02 20:06:55.406] [exthost] [warning] [Decorations] CAPPING events from decorations provider vscode.git 4297
[2021-07-02 20:07:00.547] [exthost] [warning] [Decorations] CAPPING events from decorations provider vscode.git 4297
