[2021-07-02 19:46:05.010] [exthost] [info] extension host started
[2021-07-02 19:46:05.060] [exthost] [info] ExtensionService#_doActivateExtension vscode.debug-auto-launch {"startup":true,"extensionId":{"value":"vscode.debug-auto-launch","_lower":"vscode.debug-auto-launch"},"activationEvent":"*"}
[2021-07-02 19:46:05.060] [exthost] [info] ExtensionService#loadCommonJSModule file:///home/jumprix/.vscode-server/bin/507ce72a4466fbb27b715c3722558bb15afa9f48/extensions/debug-auto-launch/dist/extension
[2021-07-02 19:46:05.067] [exthost] [info] ExtensionService#_doActivateExtension vscode.git {"startup":true,"extensionId":{"value":"vscode.github","_lower":"vscode.github"},"activationEvent":"*"}
[2021-07-02 19:46:05.068] [exthost] [info] ExtensionService#loadCommonJSModule file:///home/jumprix/.vscode-server/bin/507ce72a4466fbb27b715c3722558bb15afa9f48/extensions/git/dist/main
[2021-07-02 19:46:05.127] [exthost] [info] ExtensionService#_doActivateExtension GitHub.vscode-pull-request-github {"startup":true,"extensionId":{"value":"GitHub.vscode-pull-request-github","_lower":"github.vscode-pull-request-github"},"activationEvent":"*"}
[2021-07-02 19:46:05.127] [exthost] [info] ExtensionService#loadCommonJSModule file:///home/jumprix/.vscode-server/extensions/github.vscode-pull-request-github-0.27.1/dist/extension
[2021-07-02 19:46:05.205] [exthost] [info] ExtensionService#_doActivateExtension ritwickdey.LiveServer {"startup":true,"extensionId":{"value":"ritwickdey.LiveServer","_lower":"ritwickdey.liveserver"},"activationEvent":"*"}
[2021-07-02 19:46:05.205] [exthost] [info] ExtensionService#loadCommonJSModule file:///home/jumprix/.vscode-server/extensions/ritwickdey.liveserver-5.6.1/out/src/extension
[2021-07-02 19:46:05.483] [exthost] [info] ExtensionService#_doActivateExtension vscode.github {"startup":true,"extensionId":{"value":"vscode.github","_lower":"vscode.github"},"activationEvent":"*"}
[2021-07-02 19:46:05.483] [exthost] [info] ExtensionService#loadCommonJSModule file:///home/jumprix/.vscode-server/bin/507ce72a4466fbb27b715c3722558bb15afa9f48/extensions/github/dist/extension.js
[2021-07-02 19:46:05.617] [exthost] [warning] [Decorations] CAPPING events from decorations provider vscode.git 1791
[2021-07-02 19:46:06.305] [exthost] [info] ExtensionService#_doActivateExtension vscode.emmet {"startup":false,"extensionId":{"value":"vscode.emmet","_lower":"vscode.emmet"},"activationEvent":"onStartupFinished"}
[2021-07-02 19:46:06.306] [exthost] [info] ExtensionService#loadCommonJSModule file:///home/jumprix/.vscode-server/bin/507ce72a4466fbb27b715c3722558bb15afa9f48/extensions/emmet/dist/node/emmetNodeMain
[2021-07-02 19:46:06.318] [exthost] [info] ExtensionService#_doActivateExtension vscode.merge-conflict {"startup":false,"extensionId":{"value":"vscode.merge-conflict","_lower":"vscode.merge-conflict"},"activationEvent":"onStartupFinished"}
[2021-07-02 19:46:06.319] [exthost] [info] ExtensionService#loadCommonJSModule file:///home/jumprix/.vscode-server/bin/507ce72a4466fbb27b715c3722558bb15afa9f48/extensions/merge-conflict/dist/mergeConflictMain
[2021-07-02 19:46:06.322] [exthost] [info] ExtensionService#_doActivateExtension vscode.testing-editor-contributions {"startup":false,"extensionId":{"value":"vscode.testing-editor-contributions","_lower":"vscode.testing-editor-contributions"},"activationEvent":"onStartupFinished"}
[2021-07-02 19:46:06.323] [exthost] [info] ExtensionService#loadCommonJSModule file:///home/jumprix/.vscode-server/bin/507ce72a4466fbb27b715c3722558bb15afa9f48/extensions/testing-editor-contributions/dist/extension.js
[2021-07-02 19:46:06.324] [exthost] [info] eager extensions activated
[2021-07-02 19:46:06.420] [exthost] [info] ExtensionService#_doActivateExtension ms-vscode.js-debug {"startup":false,"extensionId":{"value":"ms-vscode.js-debug","_lower":"ms-vscode.js-debug"},"activationEvent":"onCommand:extension.js-debug.clearAutoAttachVariables"}
[2021-07-02 19:46:06.420] [exthost] [info] ExtensionService#loadCommonJSModule file:///home/jumprix/.vscode-server/bin/507ce72a4466fbb27b715c3722558bb15afa9f48/extensions/ms-vscode.js-debug/src/extension.js
[2021-07-02 19:46:31.341] [exthost] [info] ExtensionService#_doActivateExtension vscode.extension-editing {"startup":false,"extensionId":{"value":"vscode.extension-editing","_lower":"vscode.extension-editing"},"activationEvent":"onLanguage:markdown"}
[2021-07-02 19:46:31.341] [exthost] [info] ExtensionService#loadCommonJSModule file:///home/jumprix/.vscode-server/bin/507ce72a4466fbb27b715c3722558bb15afa9f48/extensions/extension-editing/dist/extensionEditingMain
[2021-07-02 19:46:31.376] [exthost] [info] ExtensionService#_doActivateExtension vscode.markdown-language-features {"startup":false,"extensionId":{"value":"vscode.markdown-language-features","_lower":"vscode.markdown-language-features"},"activationEvent":"onLanguage:markdown"}
[2021-07-02 19:46:31.376] [exthost] [info] ExtensionService#loadCommonJSModule file:///home/jumprix/.vscode-server/bin/507ce72a4466fbb27b715c3722558bb15afa9f48/extensions/markdown-language-features/dist/extension
[2021-07-02 19:47:02.411] [exthost] [info] extension host terminating: received terminate message from renderer
[2021-07-02 19:47:03.425] [exthost] [info] exiting with code 0
