[2021-07-03 16:35:23.942] [exthost] [info] extension host started
[2021-07-03 16:35:24.080] [exthost] [info] ExtensionService#_doActivateExtension vscode.debug-auto-launch {"startup":true,"extensionId":{"value":"vscode.debug-auto-launch","_lower":"vscode.debug-auto-launch"},"activationEvent":"*"}
[2021-07-03 16:35:24.081] [exthost] [info] ExtensionService#loadCommonJSModule file:///home/jumprix/.vscode-server/bin/507ce72a4466fbb27b715c3722558bb15afa9f48/extensions/debug-auto-launch/dist/extension
[2021-07-03 16:35:24.091] [exthost] [info] ExtensionService#_doActivateExtension vscode.git {"startup":true,"extensionId":{"value":"vscode.github","_lower":"vscode.github"},"activationEvent":"*"}
[2021-07-03 16:35:24.091] [exthost] [info] ExtensionService#loadCommonJSModule file:///home/jumprix/.vscode-server/bin/507ce72a4466fbb27b715c3722558bb15afa9f48/extensions/git/dist/main
[2021-07-03 16:35:24.200] [exthost] [info] ExtensionService#_doActivateExtension GitHub.vscode-pull-request-github {"startup":true,"extensionId":{"value":"GitHub.vscode-pull-request-github","_lower":"github.vscode-pull-request-github"},"activationEvent":"*"}
[2021-07-03 16:35:24.201] [exthost] [info] ExtensionService#loadCommonJSModule file:///home/jumprix/.vscode-server/extensions/github.vscode-pull-request-github-0.27.1/dist/extension
[2021-07-03 16:35:24.406] [exthost] [info] ExtensionService#_doActivateExtension ritwickdey.LiveServer {"startup":true,"extensionId":{"value":"ritwickdey.LiveServer","_lower":"ritwickdey.liveserver"},"activationEvent":"*"}
[2021-07-03 16:35:24.407] [exthost] [info] ExtensionService#loadCommonJSModule file:///home/jumprix/.vscode-server/extensions/ritwickdey.liveserver-5.6.1/out/src/extension
[2021-07-03 16:35:24.966] [exthost] [info] ExtensionService#_doActivateExtension vscode.github {"startup":true,"extensionId":{"value":"vscode.github","_lower":"vscode.github"},"activationEvent":"*"}
[2021-07-03 16:35:24.966] [exthost] [info] ExtensionService#loadCommonJSModule file:///home/jumprix/.vscode-server/bin/507ce72a4466fbb27b715c3722558bb15afa9f48/extensions/github/dist/extension.js
[2021-07-03 16:35:25.416] [exthost] [warning] [Decorations] CAPPING events from decorations provider vscode.git 4318
[2021-07-03 16:35:27.501] [exthost] [info] ExtensionService#_doActivateExtension vscode.emmet {"startup":false,"extensionId":{"value":"vscode.emmet","_lower":"vscode.emmet"},"activationEvent":"onStartupFinished"}
[2021-07-03 16:35:27.501] [exthost] [info] ExtensionService#loadCommonJSModule file:///home/jumprix/.vscode-server/bin/507ce72a4466fbb27b715c3722558bb15afa9f48/extensions/emmet/dist/node/emmetNodeMain
[2021-07-03 16:35:27.518] [exthost] [info] ExtensionService#_doActivateExtension vscode.merge-conflict {"startup":false,"extensionId":{"value":"vscode.merge-conflict","_lower":"vscode.merge-conflict"},"activationEvent":"onStartupFinished"}
[2021-07-03 16:35:27.518] [exthost] [info] ExtensionService#loadCommonJSModule file:///home/jumprix/.vscode-server/bin/507ce72a4466fbb27b715c3722558bb15afa9f48/extensions/merge-conflict/dist/mergeConflictMain
[2021-07-03 16:35:27.523] [exthost] [info] ExtensionService#_doActivateExtension vscode.testing-editor-contributions {"startup":false,"extensionId":{"value":"vscode.testing-editor-contributions","_lower":"vscode.testing-editor-contributions"},"activationEvent":"onStartupFinished"}
[2021-07-03 16:35:27.523] [exthost] [info] ExtensionService#loadCommonJSModule file:///home/jumprix/.vscode-server/bin/507ce72a4466fbb27b715c3722558bb15afa9f48/extensions/testing-editor-contributions/dist/extension.js
[2021-07-03 16:35:27.524] [exthost] [info] eager extensions activated
[2021-07-03 16:35:27.613] [exthost] [warning] [Decorations] CAPPING events from decorations provider vscode.git 4318
[2021-07-03 16:35:27.643] [exthost] [info] ExtensionService#_doActivateExtension ms-vscode.js-debug {"startup":false,"extensionId":{"value":"ms-vscode.js-debug","_lower":"ms-vscode.js-debug"},"activationEvent":"onCommand:extension.js-debug.clearAutoAttachVariables"}
[2021-07-03 16:35:27.643] [exthost] [info] ExtensionService#loadCommonJSModule file:///home/jumprix/.vscode-server/bin/507ce72a4466fbb27b715c3722558bb15afa9f48/extensions/ms-vscode.js-debug/src/extension.js
[2021-07-03 16:35:31.385] [exthost] [warning] [Decorations] CAPPING events from decorations provider vscode.git 4318
[2021-07-03 16:35:36.964] [exthost] [warning] [Decorations] CAPPING events from decorations provider vscode.git 4318
[2021-07-03 16:35:42.113] [exthost] [warning] [Decorations] CAPPING events from decorations provider vscode.git 4311
[2021-07-03 16:35:47.235] [exthost] [warning] [Decorations] CAPPING events from decorations provider vscode.git 4311
[2021-07-03 16:35:52.356] [exthost] [warning] [Decorations] CAPPING events from decorations provider vscode.git 4311
[2021-07-03 16:35:57.467] [exthost] [warning] [Decorations] CAPPING events from decorations provider vscode.git 4311
[2021-07-03 16:36:02.591] [exthost] [warning] [Decorations] CAPPING events from decorations provider vscode.git 4311
[2021-07-03 16:36:07.701] [exthost] [warning] [Decorations] CAPPING events from decorations provider vscode.git 4311
[2021-07-03 16:36:13.410] [exthost] [warning] [Decorations] CAPPING events from decorations provider vscode.git 4311
[2021-07-03 16:36:18.528] [exthost] [warning] [Decorations] CAPPING events from decorations provider vscode.git 4311
[2021-07-03 16:36:23.670] [exthost] [warning] [Decorations] CAPPING events from decorations provider vscode.git 4311
[2021-07-03 16:36:28.839] [exthost] [warning] [Decorations] CAPPING events from decorations provider vscode.git 4311
[2021-07-03 16:36:33.996] [exthost] [warning] [Decorations] CAPPING events from decorations provider vscode.git 4311
[2021-07-03 16:36:39.128] [exthost] [warning] [Decorations] CAPPING events from decorations provider vscode.git 4311
[2021-07-03 16:36:48.824] [exthost] [warning] [Decorations] CAPPING events from decorations provider vscode.git 4311
[2021-07-03 16:36:50.794] [exthost] [warning] [Decorations] CAPPING events from decorations provider vscode.git 4311
[2021-07-03 16:36:53.447] [exthost] [warning] [Decorations] CAPPING events from decorations provider vscode.git 4311
