[2021-06-28 18:24:20.520] [exthost] [info] extension host started
[2021-06-28 18:24:20.602] [exthost] [info] ExtensionService#_doActivateExtension vscode.debug-auto-launch {"startup":true,"extensionId":{"value":"vscode.debug-auto-launch","_lower":"vscode.debug-auto-launch"},"activationEvent":"*"}
[2021-06-28 18:24:20.602] [exthost] [info] ExtensionService#loadCommonJSModule file:///home/jumprix/.vscode-server/bin/507ce72a4466fbb27b715c3722558bb15afa9f48/extensions/debug-auto-launch/dist/extension
[2021-06-28 18:24:20.614] [exthost] [info] ExtensionService#_doActivateExtension vscode.git {"startup":true,"extensionId":{"value":"vscode.github","_lower":"vscode.github"},"activationEvent":"*"}
[2021-06-28 18:24:20.614] [exthost] [info] ExtensionService#loadCommonJSModule file:///home/jumprix/.vscode-server/bin/507ce72a4466fbb27b715c3722558bb15afa9f48/extensions/git/dist/main
[2021-06-28 18:24:20.722] [exthost] [info] ExtensionService#_doActivateExtension GitHub.vscode-pull-request-github {"startup":true,"extensionId":{"value":"GitHub.vscode-pull-request-github","_lower":"github.vscode-pull-request-github"},"activationEvent":"*"}
[2021-06-28 18:24:20.723] [exthost] [info] ExtensionService#loadCommonJSModule file:///home/jumprix/.vscode-server/extensions/github.vscode-pull-request-github-0.27.1/dist/extension
[2021-06-28 18:24:20.840] [exthost] [info] ExtensionService#_doActivateExtension ritwickdey.LiveServer {"startup":true,"extensionId":{"value":"ritwickdey.LiveServer","_lower":"ritwickdey.liveserver"},"activationEvent":"*"}
[2021-06-28 18:24:20.840] [exthost] [info] ExtensionService#loadCommonJSModule file:///home/jumprix/.vscode-server/extensions/ritwickdey.liveserver-5.6.1/out/src/extension
[2021-06-28 18:24:21.593] [exthost] [info] ExtensionService#_doActivateExtension vscode.github {"startup":true,"extensionId":{"value":"vscode.github","_lower":"vscode.github"},"activationEvent":"*"}
[2021-06-28 18:24:21.593] [exthost] [info] ExtensionService#loadCommonJSModule file:///home/jumprix/.vscode-server/bin/507ce72a4466fbb27b715c3722558bb15afa9f48/extensions/github/dist/extension.js
[2021-06-28 18:24:21.720] [exthost] [info] ExtensionService#_doActivateExtension vscode.emmet {"startup":false,"extensionId":{"value":"vscode.emmet","_lower":"vscode.emmet"},"activationEvent":"onStartupFinished"}
[2021-06-28 18:24:21.720] [exthost] [info] ExtensionService#loadCommonJSModule file:///home/jumprix/.vscode-server/bin/507ce72a4466fbb27b715c3722558bb15afa9f48/extensions/emmet/dist/node/emmetNodeMain
[2021-06-28 18:24:21.750] [exthost] [info] ExtensionService#_doActivateExtension vscode.merge-conflict {"startup":false,"extensionId":{"value":"vscode.merge-conflict","_lower":"vscode.merge-conflict"},"activationEvent":"onStartupFinished"}
[2021-06-28 18:24:21.751] [exthost] [info] ExtensionService#loadCommonJSModule file:///home/jumprix/.vscode-server/bin/507ce72a4466fbb27b715c3722558bb15afa9f48/extensions/merge-conflict/dist/mergeConflictMain
[2021-06-28 18:24:21.756] [exthost] [info] ExtensionService#_doActivateExtension vscode.testing-editor-contributions {"startup":false,"extensionId":{"value":"vscode.testing-editor-contributions","_lower":"vscode.testing-editor-contributions"},"activationEvent":"onStartupFinished"}
[2021-06-28 18:24:21.757] [exthost] [info] ExtensionService#loadCommonJSModule file:///home/jumprix/.vscode-server/bin/507ce72a4466fbb27b715c3722558bb15afa9f48/extensions/testing-editor-contributions/dist/extension.js
[2021-06-28 18:24:21.759] [exthost] [info] eager extensions activated
[2021-06-28 18:24:21.853] [exthost] [info] ExtensionService#_doActivateExtension ms-vscode.js-debug {"startup":false,"extensionId":{"value":"ms-vscode.js-debug","_lower":"ms-vscode.js-debug"},"activationEvent":"onCommand:extension.js-debug.clearAutoAttachVariables"}
[2021-06-28 18:24:21.854] [exthost] [info] ExtensionService#loadCommonJSModule file:///home/jumprix/.vscode-server/bin/507ce72a4466fbb27b715c3722558bb15afa9f48/extensions/ms-vscode.js-debug/src/extension.js
[2021-06-28 18:24:22.482] [exthost] [warning] [Decorations] CAPPING events from decorations provider vscode.git 3774
[2021-06-28 18:24:23.786] [exthost] [warning] [Decorations] CAPPING events from decorations provider vscode.git 3774
[2021-06-28 18:24:26.292] [exthost] [warning] [Decorations] CAPPING events from decorations provider vscode.git 3774
[2021-06-28 18:24:31.474] [exthost] [warning] [Decorations] CAPPING events from decorations provider vscode.git 3774
[2021-06-28 18:24:36.662] [exthost] [warning] [Decorations] CAPPING events from decorations provider vscode.git 3774
[2021-06-28 18:24:41.817] [exthost] [warning] [Decorations] CAPPING events from decorations provider vscode.git 3774
[2021-06-28 18:24:46.962] [exthost] [warning] [Decorations] CAPPING events from decorations provider vscode.git 3774
[2021-06-28 18:24:52.071] [exthost] [warning] [Decorations] CAPPING events from decorations provider vscode.git 3774
[2021-06-28 18:24:57.168] [exthost] [warning] [Decorations] CAPPING events from decorations provider vscode.git 3774
[2021-06-28 18:25:07.967] [exthost] [warning] [Decorations] CAPPING events from decorations provider vscode.git 3774
[2021-06-28 18:25:12.048] [exthost] [info] extension host terminating: received terminate message from renderer
[2021-06-28 18:25:13.078] [exthost] [info] exiting with code 0
