[2021-07-02 19:15:01.246] [exthost] [info] extension host started
[2021-07-02 19:15:01.294] [exthost] [info] ExtensionService#_doActivateExtension vscode.debug-auto-launch {"startup":true,"extensionId":{"value":"vscode.debug-auto-launch","_lower":"vscode.debug-auto-launch"},"activationEvent":"*"}
[2021-07-02 19:15:01.295] [exthost] [info] ExtensionService#loadCommonJSModule file:///home/jumprix/.vscode-server/bin/507ce72a4466fbb27b715c3722558bb15afa9f48/extensions/debug-auto-launch/dist/extension
[2021-07-02 19:15:01.300] [exthost] [info] ExtensionService#_doActivateExtension vscode.git {"startup":true,"extensionId":{"value":"vscode.github","_lower":"vscode.github"},"activationEvent":"*"}
[2021-07-02 19:15:01.301] [exthost] [info] ExtensionService#loadCommonJSModule file:///home/jumprix/.vscode-server/bin/507ce72a4466fbb27b715c3722558bb15afa9f48/extensions/git/dist/main
[2021-07-02 19:15:01.369] [exthost] [info] ExtensionService#_doActivateExtension GitHub.vscode-pull-request-github {"startup":true,"extensionId":{"value":"GitHub.vscode-pull-request-github","_lower":"github.vscode-pull-request-github"},"activationEvent":"*"}
[2021-07-02 19:15:01.369] [exthost] [info] ExtensionService#loadCommonJSModule file:///home/jumprix/.vscode-server/extensions/github.vscode-pull-request-github-0.27.1/dist/extension
[2021-07-02 19:15:01.425] [exthost] [info] ExtensionService#_doActivateExtension ritwickdey.LiveServer {"startup":true,"extensionId":{"value":"ritwickdey.LiveServer","_lower":"ritwickdey.liveserver"},"activationEvent":"*"}
[2021-07-02 19:15:01.425] [exthost] [info] ExtensionService#loadCommonJSModule file:///home/jumprix/.vscode-server/extensions/ritwickdey.liveserver-5.6.1/out/src/extension
[2021-07-02 19:15:01.977] [exthost] [info] ExtensionService#_doActivateExtension vscode.github {"startup":true,"extensionId":{"value":"vscode.github","_lower":"vscode.github"},"activationEvent":"*"}
[2021-07-02 19:15:01.977] [exthost] [info] ExtensionService#loadCommonJSModule file:///home/jumprix/.vscode-server/bin/507ce72a4466fbb27b715c3722558bb15afa9f48/extensions/github/dist/extension.js
[2021-07-02 19:15:02.063] [exthost] [info] ExtensionService#_doActivateExtension vscode.emmet {"startup":false,"extensionId":{"value":"vscode.emmet","_lower":"vscode.emmet"},"activationEvent":"onStartupFinished"}
[2021-07-02 19:15:02.063] [exthost] [info] ExtensionService#loadCommonJSModule file:///home/jumprix/.vscode-server/bin/507ce72a4466fbb27b715c3722558bb15afa9f48/extensions/emmet/dist/node/emmetNodeMain
[2021-07-02 19:15:02.081] [exthost] [info] ExtensionService#_doActivateExtension vscode.merge-conflict {"startup":false,"extensionId":{"value":"vscode.merge-conflict","_lower":"vscode.merge-conflict"},"activationEvent":"onStartupFinished"}
[2021-07-02 19:15:02.081] [exthost] [info] ExtensionService#loadCommonJSModule file:///home/jumprix/.vscode-server/bin/507ce72a4466fbb27b715c3722558bb15afa9f48/extensions/merge-conflict/dist/mergeConflictMain
[2021-07-02 19:15:02.087] [exthost] [info] ExtensionService#_doActivateExtension vscode.testing-editor-contributions {"startup":false,"extensionId":{"value":"vscode.testing-editor-contributions","_lower":"vscode.testing-editor-contributions"},"activationEvent":"onStartupFinished"}
[2021-07-02 19:15:02.088] [exthost] [info] ExtensionService#loadCommonJSModule file:///home/jumprix/.vscode-server/bin/507ce72a4466fbb27b715c3722558bb15afa9f48/extensions/testing-editor-contributions/dist/extension.js
[2021-07-02 19:15:02.089] [exthost] [info] eager extensions activated
[2021-07-02 19:15:02.132] [exthost] [info] ExtensionService#_doActivateExtension ms-vscode.js-debug {"startup":false,"extensionId":{"value":"ms-vscode.js-debug","_lower":"ms-vscode.js-debug"},"activationEvent":"onCommand:extension.js-debug.clearAutoAttachVariables"}
[2021-07-02 19:15:02.132] [exthost] [info] ExtensionService#loadCommonJSModule file:///home/jumprix/.vscode-server/bin/507ce72a4466fbb27b715c3722558bb15afa9f48/extensions/ms-vscode.js-debug/src/extension.js
[2021-07-02 19:15:02.516] [exthost] [warning] [Decorations] CAPPING events from decorations provider vscode.git 4271
[2021-07-02 19:15:03.625] [exthost] [warning] [Decorations] CAPPING events from decorations provider vscode.git 4271
[2021-07-02 19:15:11.183] [exthost] [warning] [Decorations] CAPPING events from decorations provider vscode.git 4271
[2021-07-02 19:20:28.769] [exthost] [warning] [Decorations] CAPPING events from decorations provider vscode.git 4263
[2021-07-02 19:25:29.481] [exthost] [warning] [Decorations] CAPPING events from decorations provider vscode.git 4263
[2021-07-02 19:27:24.031] [exthost] [warning] [Decorations] CAPPING events from decorations provider vscode.git 4263
[2021-07-02 19:27:54.199] [exthost] [warning] [Decorations] CAPPING events from decorations provider vscode.git 4263
[2021-07-02 19:28:53.538] [exthost] [warning] [Decorations] CAPPING events from decorations provider vscode.git 4263
[2021-07-02 19:28:55.009] [exthost] [warning] [Decorations] CAPPING events from decorations provider vscode.git 4263
[2021-07-02 19:29:00.118] [exthost] [warning] [Decorations] CAPPING events from decorations provider vscode.git 4263
[2021-07-02 19:29:05.230] [exthost] [warning] [Decorations] CAPPING events from decorations provider vscode.git 4263
[2021-07-02 19:29:10.335] [exthost] [warning] [Decorations] CAPPING events from decorations provider vscode.git 4263
[2021-07-02 19:29:36.967] [exthost] [info] ExtensionService#_doActivateExtension vscode.html-language-features {"startup":false,"extensionId":{"value":"vscode.html-language-features","_lower":"vscode.html-language-features"},"activationEvent":"onLanguage:html"}
[2021-07-02 19:29:36.967] [exthost] [info] ExtensionService#loadCommonJSModule file:///home/jumprix/.vscode-server/bin/507ce72a4466fbb27b715c3722558bb15afa9f48/extensions/html-language-features/client/dist/node/htmlClientMain
[2021-07-02 19:30:43.636] [exthost] [info] extension host terminating: received terminate message from renderer
[2021-07-02 19:30:43.655] [exthost] [error] Canceled: Canceled
	at Object.s [as canceled] (/home/jumprix/.vscode-server/bin/507ce72a4466fbb27b715c3722558bb15afa9f48/out/vs/server/remoteExtensionHostProcess.js:5:1157)
	at d._remoteCall (/home/jumprix/.vscode-server/bin/507ce72a4466fbb27b715c3722558bb15afa9f48/out/vs/server/remoteExtensionHostProcess.js:88:12889)
	at Proxy.w.<computed>.y.charCodeAt.w.<computed> (/home/jumprix/.vscode-server/bin/507ce72a4466fbb27b715c3722558bb15afa9f48/out/vs/server/remoteExtensionHostProcess.js:88:9409)
	at A.showMessage (/home/jumprix/.vscode-server/bin/507ce72a4466fbb27b715c3722558bb15afa9f48/out/vs/server/remoteExtensionHostProcess.js:84:199065)
	at Object.showErrorMessage (/home/jumprix/.vscode-server/bin/507ce72a4466fbb27b715c3722558bb15afa9f48/out/vs/server/remoteExtensionHostProcess.js:93:29274)
	at /home/jumprix/.vscode-server/bin/507ce72a4466fbb27b715c3722558bb15afa9f48/extensions/git/dist/main.js:10:457588
	at processTicksAndRejections (internal/process/task_queues.js:93:5)
	at async _executeContributedCommand (/home/jumprix/.vscode-server/bin/507ce72a4466fbb27b715c3722558bb15afa9f48/out/vs/server/remoteExtensionHostProcess.js:84:108083) git.clone
[2021-07-02 19:30:44.654] [exthost] [info] exiting with code 0
