[2021-07-03 15:38:16.574] [exthost] [info] extension host started
[2021-07-03 15:38:16.804] [exthost] [info] ExtensionService#_doActivateExtension vscode.extension-editing {"startup":false,"extensionId":{"value":"vscode.extension-editing","_lower":"vscode.extension-editing"},"activationEvent":"onLanguage:markdown"}
[2021-07-03 15:38:16.804] [exthost] [info] ExtensionService#loadCommonJSModule file:///home/jumprix/.vscode-server/bin/507ce72a4466fbb27b715c3722558bb15afa9f48/extensions/extension-editing/dist/extensionEditingMain
[2021-07-03 15:38:16.829] [exthost] [info] ExtensionService#_doActivateExtension vscode.markdown-language-features {"startup":false,"extensionId":{"value":"vscode.markdown-language-features","_lower":"vscode.markdown-language-features"},"activationEvent":"onLanguage:markdown"}
[2021-07-03 15:38:16.830] [exthost] [info] ExtensionService#loadCommonJSModule file:///home/jumprix/.vscode-server/bin/507ce72a4466fbb27b715c3722558bb15afa9f48/extensions/markdown-language-features/dist/extension
[2021-07-03 15:38:16.896] [exthost] [info] ExtensionService#_doActivateExtension vscode.debug-auto-launch {"startup":true,"extensionId":{"value":"vscode.debug-auto-launch","_lower":"vscode.debug-auto-launch"},"activationEvent":"*"}
[2021-07-03 15:38:16.896] [exthost] [info] ExtensionService#loadCommonJSModule file:///home/jumprix/.vscode-server/bin/507ce72a4466fbb27b715c3722558bb15afa9f48/extensions/debug-auto-launch/dist/extension
[2021-07-03 15:38:16.903] [exthost] [info] ExtensionService#_doActivateExtension vscode.git {"startup":true,"extensionId":{"value":"vscode.github","_lower":"vscode.github"},"activationEvent":"*"}
[2021-07-03 15:38:16.903] [exthost] [info] ExtensionService#loadCommonJSModule file:///home/jumprix/.vscode-server/bin/507ce72a4466fbb27b715c3722558bb15afa9f48/extensions/git/dist/main
[2021-07-03 15:38:16.999] [exthost] [info] ExtensionService#_doActivateExtension GitHub.vscode-pull-request-github {"startup":true,"extensionId":{"value":"GitHub.vscode-pull-request-github","_lower":"github.vscode-pull-request-github"},"activationEvent":"*"}
[2021-07-03 15:38:17.000] [exthost] [info] ExtensionService#loadCommonJSModule file:///home/jumprix/.vscode-server/extensions/github.vscode-pull-request-github-0.27.1/dist/extension
[2021-07-03 15:38:17.117] [exthost] [info] ExtensionService#_doActivateExtension ritwickdey.LiveServer {"startup":true,"extensionId":{"value":"ritwickdey.LiveServer","_lower":"ritwickdey.liveserver"},"activationEvent":"*"}
[2021-07-03 15:38:17.117] [exthost] [info] ExtensionService#loadCommonJSModule file:///home/jumprix/.vscode-server/extensions/ritwickdey.liveserver-5.6.1/out/src/extension
[2021-07-03 15:38:17.721] [exthost] [info] ExtensionService#_doActivateExtension vscode.github {"startup":true,"extensionId":{"value":"vscode.github","_lower":"vscode.github"},"activationEvent":"*"}
[2021-07-03 15:38:17.722] [exthost] [info] ExtensionService#loadCommonJSModule file:///home/jumprix/.vscode-server/bin/507ce72a4466fbb27b715c3722558bb15afa9f48/extensions/github/dist/extension.js
[2021-07-03 15:38:18.020] [exthost] [warning] [Decorations] CAPPING events from decorations provider vscode.git 1791
[2021-07-03 15:38:19.409] [exthost] [info] ExtensionService#_doActivateExtension vscode.emmet {"startup":false,"extensionId":{"value":"vscode.emmet","_lower":"vscode.emmet"},"activationEvent":"onStartupFinished"}
[2021-07-03 15:38:19.409] [exthost] [info] ExtensionService#loadCommonJSModule file:///home/jumprix/.vscode-server/bin/507ce72a4466fbb27b715c3722558bb15afa9f48/extensions/emmet/dist/node/emmetNodeMain
[2021-07-03 15:38:19.421] [exthost] [info] ExtensionService#_doActivateExtension vscode.merge-conflict {"startup":false,"extensionId":{"value":"vscode.merge-conflict","_lower":"vscode.merge-conflict"},"activationEvent":"onStartupFinished"}
[2021-07-03 15:38:19.421] [exthost] [info] ExtensionService#loadCommonJSModule file:///home/jumprix/.vscode-server/bin/507ce72a4466fbb27b715c3722558bb15afa9f48/extensions/merge-conflict/dist/mergeConflictMain
[2021-07-03 15:38:19.424] [exthost] [info] ExtensionService#_doActivateExtension vscode.testing-editor-contributions {"startup":false,"extensionId":{"value":"vscode.testing-editor-contributions","_lower":"vscode.testing-editor-contributions"},"activationEvent":"onStartupFinished"}
[2021-07-03 15:38:19.424] [exthost] [info] ExtensionService#loadCommonJSModule file:///home/jumprix/.vscode-server/bin/507ce72a4466fbb27b715c3722558bb15afa9f48/extensions/testing-editor-contributions/dist/extension.js
[2021-07-03 15:38:19.425] [exthost] [info] eager extensions activated
[2021-07-03 15:38:19.592] [exthost] [info] ExtensionService#_doActivateExtension ms-vscode.js-debug {"startup":false,"extensionId":{"value":"ms-vscode.js-debug","_lower":"ms-vscode.js-debug"},"activationEvent":"onCommand:extension.js-debug.clearAutoAttachVariables"}
[2021-07-03 15:38:19.592] [exthost] [info] ExtensionService#loadCommonJSModule file:///home/jumprix/.vscode-server/bin/507ce72a4466fbb27b715c3722558bb15afa9f48/extensions/ms-vscode.js-debug/src/extension.js
[2021-07-03 15:39:54.518] [exthost] [warning] [Decorations] CAPPING events from decorations provider vscode.git 1791
[2021-07-03 15:39:59.588] [exthost] [warning] [Decorations] CAPPING events from decorations provider vscode.git 1779
[2021-07-03 15:46:21.718] [exthost] [info] ExtensionService#_doActivateExtension vscode.css-language-features {"startup":false,"extensionId":{"value":"vscode.css-language-features","_lower":"vscode.css-language-features"},"activationEvent":"onLanguage:css"}
[2021-07-03 15:46:21.719] [exthost] [info] ExtensionService#loadCommonJSModule file:///home/jumprix/.vscode-server/bin/507ce72a4466fbb27b715c3722558bb15afa9f48/extensions/css-language-features/client/dist/node/cssClientMain
[2021-07-03 15:46:29.646] [exthost] [info] ExtensionService#_doActivateExtension vscode.typescript-language-features {"startup":false,"extensionId":{"value":"vscode.typescript-language-features","_lower":"vscode.typescript-language-features"},"activationEvent":"onLanguage:javascript"}
[2021-07-03 15:46:29.647] [exthost] [info] ExtensionService#loadCommonJSModule file:///home/jumprix/.vscode-server/bin/507ce72a4466fbb27b715c3722558bb15afa9f48/extensions/typescript-language-features/dist/extension
[2021-07-03 16:05:46.115] [exthost] [info] extension host terminating: received terminate message from renderer
[2021-07-03 16:05:46.173] [exthost] [error] Canceled: Canceled
	at Object.s [as canceled] (/home/jumprix/.vscode-server/bin/507ce72a4466fbb27b715c3722558bb15afa9f48/out/vs/server/remoteExtensionHostProcess.js:5:1157)
	at d._remoteCall (/home/jumprix/.vscode-server/bin/507ce72a4466fbb27b715c3722558bb15afa9f48/out/vs/server/remoteExtensionHostProcess.js:88:12889)
	at Proxy.w.<computed>.y.charCodeAt.w.<computed> (/home/jumprix/.vscode-server/bin/507ce72a4466fbb27b715c3722558bb15afa9f48/out/vs/server/remoteExtensionHostProcess.js:88:9409)
	at A.showMessage (/home/jumprix/.vscode-server/bin/507ce72a4466fbb27b715c3722558bb15afa9f48/out/vs/server/remoteExtensionHostProcess.js:84:199065)
	at Object.showErrorMessage (/home/jumprix/.vscode-server/bin/507ce72a4466fbb27b715c3722558bb15afa9f48/out/vs/server/remoteExtensionHostProcess.js:93:29274)
	at /home/jumprix/.vscode-server/bin/507ce72a4466fbb27b715c3722558bb15afa9f48/extensions/git/dist/main.js:10:457588
	at runMicrotasks (<anonymous>)
	at processTicksAndRejections (internal/process/task_queues.js:93:5)
	at async _executeContributedCommand (/home/jumprix/.vscode-server/bin/507ce72a4466fbb27b715c3722558bb15afa9f48/out/vs/server/remoteExtensionHostProcess.js:84:108083) git.clone
[2021-07-03 16:05:47.171] [exthost] [info] exiting with code 0
