[Info] /home/jumprix/.ssh/config: ENOENT: no such file or directory, open '/home/jumprix/.ssh/config'
[Info] Registering git provider
[Info] Looking for git repository
[Info] Found 1 repositories during activation
[Info] Git repository found, initializing review manager and pr tree view.
[Info] Review> Validate state in progress
[Info] Review> Validating state...
[Info] No remote with name 'upstream' found.
[Info] Found GitHub remote
[Info] Review> no matching pull request metadata found for current branch undefined
[Info] Review> no matching pull request metadata found on GitHub for current branch undefined
[Info] Review> Queuing additional validate state
[Info] Review> Validating state...
[Info] No remote with name 'upstream' found.
[Info] Found GitHub remote
[Info] Review> no matching pull request metadata found for current branch branch_giampiero
[Info] Review> no matching pull request metadata found on GitHub for current branch branch_giampiero
[Info] Review> Queuing additional validate state
[Info] Review> Validating state...
[Info] No remote with name 'upstream' found.
[Info] Found GitHub remote
[Info] Review> no matching pull request metadata found for current branch branch_giampiero
[Info] Review> no matching pull request metadata found on GitHub for current branch branch_giampiero
