Looking for git in: git
Using git 2.25.1 from git
> git rev-parse --git-dir
Open repository: /home/jumprix/MoveAround-repository
> git fetch
> git status -z -u
> git symbolic-ref --short HEAD
fatal: ref HEAD is not a symbolic ref
> git rev-parse HEAD
> git for-each-ref --sort -committerdate --format %(refname) %(objectname) %(*objectname)
> git remote --verbose
> git config --get commit.template
> git check-ignore -v -z --stdin
Missing or invalid credentials.
Skip silent fetch commands
Missing or invalid credentials.
Skip silent fetch commands
remote: Repository not found.
fatal: Authentication failed for 'https://github.com/salvodanna/MoveAround-repository.git/'
> git show --textconv :nuovaMA-rep/MoveAround-repository/frontend/src/screens/Amministrazione.js
> git ls-files --stage -- /home/jumprix/MoveAround-repository/nuovaMA-rep/MoveAround-repository/frontend/src/screens/Amministrazione.js
> git check-ignore -v -z --stdin
> git checkout -q -b branch_giampiero --no-track HEAD
> git status -z -u
> git symbolic-ref --short HEAD
> git for-each-ref --format=%(refname)%00%(upstream:short)%00%(objectname)%00%(upstream:track) refs/heads/branch_giampiero refs/remotes/branch_giampiero
> git for-each-ref --sort -committerdate --format %(refname) %(objectname) %(*objectname)
> git remote --verbose
> git config --get commit.template
> git config --local branch.branch_giampiero.github-pr-owner-number
> git ls-files --stage -- /home/jumprix/MoveAround-repository/nuovaMA-rep/MoveAround-repository/frontend/src/screens/Amministrazione.js
> git show --textconv :nuovaMA-rep/MoveAround-repository/frontend/src/screens/Amministrazione.js
> git status -z -u
> git symbolic-ref --short HEAD
> git for-each-ref --format=%(refname)%00%(upstream:short)%00%(objectname)%00%(upstream:track) refs/heads/branch_giampiero refs/remotes/branch_giampiero
> git for-each-ref --sort -committerdate --format %(refname) %(objectname) %(*objectname)
> git remote --verbose
> git config --get commit.template
> git push -u origin branch_giampiero
remote: 
remote: Create a pull request for 'branch_giampiero' on GitHub by visiting:        
remote:      https://github.com/salvodanna/MoveAround-repository/pull/new/branch_giampiero        
remote: 
To https://github.com/salvodanna/MoveAround-repository.git
 * [new branch]      branch_giampiero -> branch_giampiero
> git status -z -u
> git symbolic-ref --short HEAD
> git for-each-ref --format=%(refname)%00%(upstream:short)%00%(objectname)%00%(upstream:track) refs/heads/branch_giampiero refs/remotes/branch_giampiero
> git for-each-ref --sort -committerdate --format %(refname) %(objectname) %(*objectname)
> git remote --verbose
> git config --get commit.template
> git config --local branch.branch_giampiero.github-pr-owner-number
> git ls-files --stage -- /home/jumprix/MoveAround-repository/nuovaMA-rep/MoveAround-repository/frontend/src/screens/Amministrazione.js
> git show --textconv :nuovaMA-rep/MoveAround-repository/frontend/src/screens/Amministrazione.js
> git status -z -u
> git symbolic-ref --short HEAD
> git for-each-ref --format=%(refname)%00%(upstream:short)%00%(objectname)%00%(upstream:track) refs/heads/branch_giampiero refs/remotes/branch_giampiero
> git for-each-ref --sort -committerdate --format %(refname) %(objectname) %(*objectname)
> git remote --verbose
> git config --get commit.template
> git for-each-ref --format=%(refname)%00%(upstream:short)%00%(objectname)%00%(upstream:track) refs/heads/branch_giampiero refs/remotes/branch_giampiero
> git show -s --format=%H%n%aN%n%aE%n%at%n%ct%n%P%n%B -z cf8027d77103d042b59223190e0cbae4e6a4d22a
> git show --textconv :nuovaMA-rep/MoveAround-repository/frontend/src/screens/Amministrazione.css
> git ls-files --stage -- /home/jumprix/MoveAround-repository/nuovaMA-rep/MoveAround-repository/frontend/src/screens/Amministrazione.css
