[2021-06-28 18:25:15.413] [exthost] [info] extension host started
[2021-06-28 18:25:15.527] [exthost] [info] ExtensionService#_doActivateExtension vscode.debug-auto-launch {"startup":true,"extensionId":{"value":"vscode.debug-auto-launch","_lower":"vscode.debug-auto-launch"},"activationEvent":"*"}
[2021-06-28 18:25:15.528] [exthost] [info] ExtensionService#loadCommonJSModule file:///home/jumprix/.vscode-server/bin/507ce72a4466fbb27b715c3722558bb15afa9f48/extensions/debug-auto-launch/dist/extension
[2021-06-28 18:25:15.539] [exthost] [info] ExtensionService#_doActivateExtension vscode.git {"startup":true,"extensionId":{"value":"vscode.github","_lower":"vscode.github"},"activationEvent":"*"}
[2021-06-28 18:25:15.539] [exthost] [info] ExtensionService#loadCommonJSModule file:///home/jumprix/.vscode-server/bin/507ce72a4466fbb27b715c3722558bb15afa9f48/extensions/git/dist/main
[2021-06-28 18:25:15.609] [exthost] [info] ExtensionService#_doActivateExtension GitHub.vscode-pull-request-github {"startup":true,"extensionId":{"value":"GitHub.vscode-pull-request-github","_lower":"github.vscode-pull-request-github"},"activationEvent":"*"}
[2021-06-28 18:25:15.609] [exthost] [info] ExtensionService#loadCommonJSModule file:///home/jumprix/.vscode-server/extensions/github.vscode-pull-request-github-0.27.1/dist/extension
[2021-06-28 18:25:15.683] [exthost] [info] ExtensionService#_doActivateExtension ritwickdey.LiveServer {"startup":true,"extensionId":{"value":"ritwickdey.LiveServer","_lower":"ritwickdey.liveserver"},"activationEvent":"*"}
[2021-06-28 18:25:15.683] [exthost] [info] ExtensionService#loadCommonJSModule file:///home/jumprix/.vscode-server/extensions/ritwickdey.liveserver-5.6.1/out/src/extension
[2021-06-28 18:25:16.021] [exthost] [info] ExtensionService#_doActivateExtension vscode.github {"startup":true,"extensionId":{"value":"vscode.github","_lower":"vscode.github"},"activationEvent":"*"}
[2021-06-28 18:25:16.022] [exthost] [info] ExtensionService#loadCommonJSModule file:///home/jumprix/.vscode-server/bin/507ce72a4466fbb27b715c3722558bb15afa9f48/extensions/github/dist/extension.js
[2021-06-28 18:25:16.379] [exthost] [info] ExtensionService#_doActivateExtension vscode.emmet {"startup":false,"extensionId":{"value":"vscode.emmet","_lower":"vscode.emmet"},"activationEvent":"onStartupFinished"}
[2021-06-28 18:25:16.380] [exthost] [info] ExtensionService#loadCommonJSModule file:///home/jumprix/.vscode-server/bin/507ce72a4466fbb27b715c3722558bb15afa9f48/extensions/emmet/dist/node/emmetNodeMain
[2021-06-28 18:25:16.404] [exthost] [info] ExtensionService#_doActivateExtension vscode.merge-conflict {"startup":false,"extensionId":{"value":"vscode.merge-conflict","_lower":"vscode.merge-conflict"},"activationEvent":"onStartupFinished"}
[2021-06-28 18:25:16.405] [exthost] [info] ExtensionService#loadCommonJSModule file:///home/jumprix/.vscode-server/bin/507ce72a4466fbb27b715c3722558bb15afa9f48/extensions/merge-conflict/dist/mergeConflictMain
[2021-06-28 18:25:16.411] [exthost] [info] ExtensionService#_doActivateExtension vscode.testing-editor-contributions {"startup":false,"extensionId":{"value":"vscode.testing-editor-contributions","_lower":"vscode.testing-editor-contributions"},"activationEvent":"onStartupFinished"}
[2021-06-28 18:25:16.412] [exthost] [info] ExtensionService#loadCommonJSModule file:///home/jumprix/.vscode-server/bin/507ce72a4466fbb27b715c3722558bb15afa9f48/extensions/testing-editor-contributions/dist/extension.js
[2021-06-28 18:25:16.413] [exthost] [info] eager extensions activated
[2021-06-28 18:25:16.447] [exthost] [info] ExtensionService#_doActivateExtension ms-vscode.js-debug {"startup":false,"extensionId":{"value":"ms-vscode.js-debug","_lower":"ms-vscode.js-debug"},"activationEvent":"onCommand:extension.js-debug.clearAutoAttachVariables"}
[2021-06-28 18:25:16.447] [exthost] [info] ExtensionService#loadCommonJSModule file:///home/jumprix/.vscode-server/bin/507ce72a4466fbb27b715c3722558bb15afa9f48/extensions/ms-vscode.js-debug/src/extension.js
[2021-06-28 18:40:00.247] [exthost] [info] ExtensionService#_doActivateExtension vscode.typescript-language-features {"startup":false,"extensionId":{"value":"vscode.typescript-language-features","_lower":"vscode.typescript-language-features"},"activationEvent":"onLanguage:javascript"}
[2021-06-28 18:40:00.247] [exthost] [info] ExtensionService#loadCommonJSModule file:///home/jumprix/.vscode-server/bin/507ce72a4466fbb27b715c3722558bb15afa9f48/extensions/typescript-language-features/dist/extension
[2021-06-28 18:40:43.341] [exthost] [warning] [Decorations] CAPPING events from decorations provider vscode.git 1313
[2021-06-28 18:41:25.900] [exthost] [warning] [Decorations] CAPPING events from decorations provider vscode.git 1330
[2021-06-28 18:41:51.583] [exthost] [info] ExtensionService#_doActivateExtension vscode.configuration-editing {"startup":false,"extensionId":{"value":"vscode.configuration-editing","_lower":"vscode.configuration-editing"},"activationEvent":"onLanguage:json"}
[2021-06-28 18:41:51.584] [exthost] [info] ExtensionService#loadCommonJSModule file:///home/jumprix/.vscode-server/bin/507ce72a4466fbb27b715c3722558bb15afa9f48/extensions/configuration-editing/dist/configurationEditingMain
[2021-06-28 18:41:51.608] [exthost] [info] ExtensionService#_doActivateExtension vscode.extension-editing {"startup":false,"extensionId":{"value":"vscode.extension-editing","_lower":"vscode.extension-editing"},"activationEvent":"onLanguage:json"}
[2021-06-28 18:41:51.608] [exthost] [info] ExtensionService#loadCommonJSModule file:///home/jumprix/.vscode-server/bin/507ce72a4466fbb27b715c3722558bb15afa9f48/extensions/extension-editing/dist/extensionEditingMain
[2021-06-28 18:41:51.648] [exthost] [info] ExtensionService#_doActivateExtension vscode.json-language-features {"startup":false,"extensionId":{"value":"vscode.json-language-features","_lower":"vscode.json-language-features"},"activationEvent":"onLanguage:json"}
[2021-06-28 18:41:51.648] [exthost] [info] ExtensionService#loadCommonJSModule file:///home/jumprix/.vscode-server/bin/507ce72a4466fbb27b715c3722558bb15afa9f48/extensions/json-language-features/client/dist/node/jsonClientMain
[2021-06-28 18:41:51.767] [exthost] [info] ExtensionService#_doActivateExtension vscode.npm {"startup":false,"extensionId":{"value":"vscode.npm","_lower":"vscode.npm"},"activationEvent":"onLanguage:json"}
[2021-06-28 18:41:51.767] [exthost] [info] ExtensionService#loadCommonJSModule file:///home/jumprix/.vscode-server/bin/507ce72a4466fbb27b715c3722558bb15afa9f48/extensions/npm/dist/npmMain
[2021-06-28 18:49:47.251] [exthost] [warning] [Decorations] CAPPING events from decorations provider vscode.git 1793
[2021-06-28 19:07:12.090] [exthost] [warning] [Decorations] CAPPING events from decorations provider vscode.git 1793
[2021-06-28 19:21:07.014] [exthost] [warning] [Decorations] CAPPING events from decorations provider vscode.git 1793
[2021-06-28 19:22:14.881] [exthost] [warning] [Decorations] CAPPING events from decorations provider vscode.git 1793
[2021-06-28 19:22:19.957] [exthost] [warning] [Decorations] CAPPING events from decorations provider vscode.git 1792
[2021-06-28 19:22:26.529] [exthost] [warning] [Decorations] CAPPING events from decorations provider vscode.git 1791
[2021-06-28 19:27:24.022] [exthost] [warning] [Decorations] CAPPING events from decorations provider vscode.git 1740
[2021-06-28 19:27:29.099] [exthost] [warning] [Decorations] CAPPING events from decorations provider vscode.git 2571
[2021-06-28 19:33:04.028] [exthost] [warning] [Decorations] CAPPING events from decorations provider vscode.git 1793
[2021-06-28 19:33:13.143] [exthost] [warning] [Decorations] CAPPING events from decorations provider vscode.git 1793
[2021-06-28 19:35:33.906] [exthost] [warning] [Decorations] CAPPING events from decorations provider vscode.git 1793
[2021-06-28 19:37:17.991] [exthost] [warning] [Decorations] CAPPING events from decorations provider vscode.git 1793
[2021-06-28 19:37:26.403] [exthost] [warning] [Decorations] CAPPING events from decorations provider vscode.git 1785
[2021-06-28 19:37:47.850] [exthost] [warning] [Decorations] CAPPING events from decorations provider vscode.git 1786
[2021-06-28 19:42:14.437] [exthost] [warning] [Decorations] CAPPING events from decorations provider vscode.git 1787
[2021-06-28 19:45:14.620] [exthost] [warning] [Decorations] CAPPING events from decorations provider vscode.git 1787
[2021-06-28 19:45:20.648] [exthost] [warning] [Decorations] CAPPING events from decorations provider vscode.git 1787
[2021-06-28 19:46:20.509] [exthost] [warning] [Decorations] CAPPING events from decorations provider vscode.git 1787
[2021-06-28 19:47:54.385] [exthost] [warning] [Decorations] CAPPING events from decorations provider vscode.git 1787
[2021-06-28 19:48:58.078] [exthost] [warning] [Decorations] CAPPING events from decorations provider vscode.git 1787
[2021-06-28 22:59:16.502] [exthost] [warning] [Decorations] CAPPING events from decorations provider vscode.git 1787
[2021-06-28 23:23:13.175] [exthost] [warning] [Decorations] CAPPING events from decorations provider vscode.git 1787
[2021-06-28 23:41:19.333] [exthost] [warning] [Decorations] CAPPING events from decorations provider vscode.git 1787
