[2021-06-29 19:44:05.108] [exthost] [info] extension host started
[2021-06-29 19:44:05.203] [exthost] [info] ExtensionService#_doActivateExtension vscode.typescript-language-features {"startup":false,"extensionId":{"value":"vscode.typescript-language-features","_lower":"vscode.typescript-language-features"},"activationEvent":"onLanguage:javascript"}
[2021-06-29 19:44:05.204] [exthost] [info] ExtensionService#loadCommonJSModule file:///home/jumprix/.vscode-server/bin/507ce72a4466fbb27b715c3722558bb15afa9f48/extensions/typescript-language-features/dist/extension
[2021-06-29 19:44:05.237] [exthost] [info] ExtensionService#_doActivateExtension vscode.debug-auto-launch {"startup":true,"extensionId":{"value":"vscode.debug-auto-launch","_lower":"vscode.debug-auto-launch"},"activationEvent":"*"}
[2021-06-29 19:44:05.237] [exthost] [info] ExtensionService#loadCommonJSModule file:///home/jumprix/.vscode-server/bin/507ce72a4466fbb27b715c3722558bb15afa9f48/extensions/debug-auto-launch/dist/extension
[2021-06-29 19:44:05.240] [exthost] [info] ExtensionService#_doActivateExtension vscode.git {"startup":true,"extensionId":{"value":"vscode.github","_lower":"vscode.github"},"activationEvent":"*"}
[2021-06-29 19:44:05.240] [exthost] [info] ExtensionService#loadCommonJSModule file:///home/jumprix/.vscode-server/bin/507ce72a4466fbb27b715c3722558bb15afa9f48/extensions/git/dist/main
[2021-06-29 19:44:05.288] [exthost] [info] ExtensionService#_doActivateExtension GitHub.vscode-pull-request-github {"startup":true,"extensionId":{"value":"GitHub.vscode-pull-request-github","_lower":"github.vscode-pull-request-github"},"activationEvent":"*"}
[2021-06-29 19:44:05.288] [exthost] [info] ExtensionService#loadCommonJSModule file:///home/jumprix/.vscode-server/extensions/github.vscode-pull-request-github-0.27.1/dist/extension
[2021-06-29 19:44:05.372] [exthost] [info] ExtensionService#_doActivateExtension ritwickdey.LiveServer {"startup":true,"extensionId":{"value":"ritwickdey.LiveServer","_lower":"ritwickdey.liveserver"},"activationEvent":"*"}
[2021-06-29 19:44:05.372] [exthost] [info] ExtensionService#loadCommonJSModule file:///home/jumprix/.vscode-server/extensions/ritwickdey.liveserver-5.6.1/out/src/extension
[2021-06-29 19:44:05.731] [exthost] [info] ExtensionService#_doActivateExtension vscode.github {"startup":true,"extensionId":{"value":"vscode.github","_lower":"vscode.github"},"activationEvent":"*"}
[2021-06-29 19:44:05.731] [exthost] [info] ExtensionService#loadCommonJSModule file:///home/jumprix/.vscode-server/bin/507ce72a4466fbb27b715c3722558bb15afa9f48/extensions/github/dist/extension.js
[2021-06-29 19:44:05.943] [exthost] [warning] [Decorations] CAPPING events from decorations provider vscode.git 1788
[2021-06-29 19:44:05.987] [exthost] [info] ExtensionService#_doActivateExtension vscode.emmet {"startup":false,"extensionId":{"value":"vscode.emmet","_lower":"vscode.emmet"},"activationEvent":"onStartupFinished"}
[2021-06-29 19:44:05.987] [exthost] [info] ExtensionService#loadCommonJSModule file:///home/jumprix/.vscode-server/bin/507ce72a4466fbb27b715c3722558bb15afa9f48/extensions/emmet/dist/node/emmetNodeMain
[2021-06-29 19:44:06.006] [exthost] [info] ExtensionService#_doActivateExtension vscode.merge-conflict {"startup":false,"extensionId":{"value":"vscode.merge-conflict","_lower":"vscode.merge-conflict"},"activationEvent":"onStartupFinished"}
[2021-06-29 19:44:06.006] [exthost] [info] ExtensionService#loadCommonJSModule file:///home/jumprix/.vscode-server/bin/507ce72a4466fbb27b715c3722558bb15afa9f48/extensions/merge-conflict/dist/mergeConflictMain
[2021-06-29 19:44:06.011] [exthost] [info] ExtensionService#_doActivateExtension vscode.testing-editor-contributions {"startup":false,"extensionId":{"value":"vscode.testing-editor-contributions","_lower":"vscode.testing-editor-contributions"},"activationEvent":"onStartupFinished"}
[2021-06-29 19:44:06.012] [exthost] [info] ExtensionService#loadCommonJSModule file:///home/jumprix/.vscode-server/bin/507ce72a4466fbb27b715c3722558bb15afa9f48/extensions/testing-editor-contributions/dist/extension.js
[2021-06-29 19:44:06.014] [exthost] [info] eager extensions activated
[2021-06-29 19:44:07.109] [exthost] [info] ExtensionService#_doActivateExtension ms-vscode.js-debug {"startup":false,"extensionId":{"value":"ms-vscode.js-debug","_lower":"ms-vscode.js-debug"},"activationEvent":"onCommand:extension.js-debug.clearAutoAttachVariables"}
[2021-06-29 19:44:07.109] [exthost] [info] ExtensionService#loadCommonJSModule file:///home/jumprix/.vscode-server/bin/507ce72a4466fbb27b715c3722558bb15afa9f48/extensions/ms-vscode.js-debug/src/extension.js
[2021-06-29 19:46:19.155] [exthost] [info] ExtensionService#_doActivateExtension vscode.configuration-editing {"startup":false,"extensionId":{"value":"vscode.configuration-editing","_lower":"vscode.configuration-editing"},"activationEvent":"onLanguage:json"}
[2021-06-29 19:46:19.155] [exthost] [info] ExtensionService#loadCommonJSModule file:///home/jumprix/.vscode-server/bin/507ce72a4466fbb27b715c3722558bb15afa9f48/extensions/configuration-editing/dist/configurationEditingMain
[2021-06-29 19:46:19.160] [exthost] [info] ExtensionService#_doActivateExtension vscode.extension-editing {"startup":false,"extensionId":{"value":"vscode.extension-editing","_lower":"vscode.extension-editing"},"activationEvent":"onLanguage:json"}
[2021-06-29 19:46:19.160] [exthost] [info] ExtensionService#loadCommonJSModule file:///home/jumprix/.vscode-server/bin/507ce72a4466fbb27b715c3722558bb15afa9f48/extensions/extension-editing/dist/extensionEditingMain
[2021-06-29 19:46:19.174] [exthost] [info] ExtensionService#_doActivateExtension vscode.json-language-features {"startup":false,"extensionId":{"value":"vscode.json-language-features","_lower":"vscode.json-language-features"},"activationEvent":"onLanguage:json"}
[2021-06-29 19:46:19.174] [exthost] [info] ExtensionService#loadCommonJSModule file:///home/jumprix/.vscode-server/bin/507ce72a4466fbb27b715c3722558bb15afa9f48/extensions/json-language-features/client/dist/node/jsonClientMain
[2021-06-29 19:46:19.229] [exthost] [info] ExtensionService#_doActivateExtension vscode.npm {"startup":false,"extensionId":{"value":"vscode.npm","_lower":"vscode.npm"},"activationEvent":"onLanguage:json"}
[2021-06-29 19:46:19.229] [exthost] [info] ExtensionService#loadCommonJSModule file:///home/jumprix/.vscode-server/bin/507ce72a4466fbb27b715c3722558bb15afa9f48/extensions/npm/dist/npmMain
[2021-06-29 19:46:20.264] [exthost] [error] [vscode.json-language-features] provider FAILED
[2021-06-29 19:46:20.264] [exthost] [error] Canceled: Canceled
	at b.makeCancelError (/home/jumprix/.vscode-server/bin/507ce72a4466fbb27b715c3722558bb15afa9f48/extensions/json-language-features/client/dist/node/jsonClientMain.js:1:64501)
	at b.handleFailedRequest (/home/jumprix/.vscode-server/bin/507ce72a4466fbb27b715c3722558bb15afa9f48/extensions/json-language-features/client/dist/node/jsonClientMain.js:1:64352)
	at /home/jumprix/.vscode-server/bin/507ce72a4466fbb27b715c3722558bb15afa9f48/extensions/json-language-features/client/dist/node/jsonClientMain.js:1:24694
	at runNextTicks (internal/process/task_queues.js:58:5)
	at processImmediate (internal/timers.js:434:9)
[2021-06-29 19:46:20.265] [exthost] [error] [vscode.json-language-features] provider FAILED
[2021-06-29 19:46:20.265] [exthost] [error] Canceled: Canceled
	at b.makeCancelError (/home/jumprix/.vscode-server/bin/507ce72a4466fbb27b715c3722558bb15afa9f48/extensions/json-language-features/client/dist/node/jsonClientMain.js:1:64501)
	at b.handleFailedRequest (/home/jumprix/.vscode-server/bin/507ce72a4466fbb27b715c3722558bb15afa9f48/extensions/json-language-features/client/dist/node/jsonClientMain.js:1:64352)
	at /home/jumprix/.vscode-server/bin/507ce72a4466fbb27b715c3722558bb15afa9f48/extensions/json-language-features/client/dist/node/jsonClientMain.js:1:24694
[2021-06-29 20:04:13.369] [exthost] [warning] [Decorations] CAPPING events from decorations provider vscode.git 1788
[2021-06-29 20:04:34.154] [exthost] [warning] [Decorations] CAPPING events from decorations provider vscode.git 1789
[2021-06-29 21:50:04.922] [exthost] [warning] [Decorations] CAPPING events from decorations provider vscode.git 1789
[2021-06-29 21:52:41.612] [exthost] [warning] [Decorations] CAPPING events from decorations provider vscode.git 1789
[2021-06-29 21:53:32.279] [exthost] [warning] [Decorations] CAPPING events from decorations provider vscode.git 1789
[2021-06-29 21:56:57.573] [exthost] [warning] [Decorations] CAPPING events from decorations provider vscode.git 1789
[2021-06-29 21:57:15.024] [exthost] [warning] [Decorations] CAPPING events from decorations provider vscode.git 1790
[2021-06-29 22:05:21.490] [exthost] [warning] [Decorations] CAPPING events from decorations provider vscode.git 1790
[2021-06-29 22:05:26.568] [exthost] [warning] [Decorations] CAPPING events from decorations provider vscode.git 1790
[2021-06-29 22:05:31.654] [exthost] [warning] [Decorations] CAPPING events from decorations provider vscode.git 1790
[2021-06-29 22:10:57.980] [exthost] [warning] [Decorations] CAPPING events from decorations provider vscode.git 1790
[2021-06-29 22:11:30.810] [exthost] [warning] [Decorations] CAPPING events from decorations provider vscode.git 1791
[2021-06-29 22:51:52.528] [exthost] [info] extension host terminating: received terminate message from renderer
[2021-06-29 22:51:53.670] [exthost] [info] exiting with code 0
