Looking for git in: git
Using git 2.25.1 from git
> git rev-parse --git-dir
Open repository: /home/jumprix/MoveAround-repository
> git fetch
> git status -z -u
> git symbolic-ref --short HEAD
> git for-each-ref --format=%(refname)%00%(upstream:short)%00%(objectname)%00%(upstream:track) refs/heads/main_giampiero refs/remotes/main_giampiero
> git for-each-ref --sort -committerdate --format %(refname) %(objectname) %(*objectname)
> git remote --verbose
> git config --get commit.template
Missing or invalid credentials.
Skip silent fetch commands
Missing or invalid credentials.
Skip silent fetch commands
remote: Repository not found.
fatal: Authentication failed for 'https://github.com/salvodanna/MoveAround-repository.git/'
> git check-ignore -v -z --stdin
> git config --local branch.main_giampiero.github-pr-owner-number
> git log --oneline --cherry main_giampiero...main_giampiero@{upstream} --
> git pull --tags origin main_giampiero
From https://github.com/salvodanna/MoveAround-repository
 * branch            main_giampiero -> FETCH_HEAD
> git push origin main_giampiero:main_giampiero
> git config --local branch.main_giampiero.github-pr-owner-number
To https://github.com/salvodanna/MoveAround-repository.git
   d28eed9..cf8027d  main_giampiero -> main_giampiero
> git status -z -u
> git symbolic-ref --short HEAD
> git for-each-ref --format=%(refname)%00%(upstream:short)%00%(objectname)%00%(upstream:track) refs/heads/main_giampiero refs/remotes/main_giampiero
> git for-each-ref --sort -committerdate --format %(refname) %(objectname) %(*objectname)
> git remote --verbose
> git config --get commit.template
> git config --local branch.main_giampiero.github-pr-owner-number
> git check-ignore -v -z --stdin
> git status -z -u
> git symbolic-ref --short HEAD
> git for-each-ref --format=%(refname)%00%(upstream:short)%00%(objectname)%00%(upstream:track) refs/heads/main_giampiero refs/remotes/main_giampiero
> git for-each-ref --sort -committerdate --format %(refname) %(objectname) %(*objectname)
> git remote --verbose
> git config --get commit.template
> git check-ignore -v -z --stdin
> git status -z -u
> git symbolic-ref --short HEAD
> git for-each-ref --format=%(refname)%00%(upstream:short)%00%(objectname)%00%(upstream:track) refs/heads/main_giampiero refs/remotes/main_giampiero
> git for-each-ref --sort -committerdate --format %(refname) %(objectname) %(*objectname)
> git remote --verbose
> git config --get commit.template
> git status -z -u
> git symbolic-ref --short HEAD
> git for-each-ref --format=%(refname)%00%(upstream:short)%00%(objectname)%00%(upstream:track) refs/heads/main_giampiero refs/remotes/main_giampiero
> git for-each-ref --sort -committerdate --format %(refname) %(objectname) %(*objectname)
> git remote --verbose
> git config --get commit.template
> git check-ignore -v -z --stdin
> git status -z -u
> git symbolic-ref --short HEAD
> git for-each-ref --format=%(refname)%00%(upstream:short)%00%(objectname)%00%(upstream:track) refs/heads/main_giampiero refs/remotes/main_giampiero
> git for-each-ref --sort -committerdate --format %(refname) %(objectname) %(*objectname)
> git remote --verbose
> git config --get commit.template
> git status -z -u
> git symbolic-ref --short HEAD
> git for-each-ref --format=%(refname)%00%(upstream:short)%00%(objectname)%00%(upstream:track) refs/heads/main_giampiero refs/remotes/main_giampiero
> git for-each-ref --sort -committerdate --format %(refname) %(objectname) %(*objectname)
> git remote --verbose
> git config --get commit.template
> git status -z -u
> git symbolic-ref --short HEAD
> git for-each-ref --format=%(refname)%00%(upstream:short)%00%(objectname)%00%(upstream:track) refs/heads/main_giampiero refs/remotes/main_giampiero
> git for-each-ref --sort -committerdate --format %(refname) %(objectname) %(*objectname)
> git remote --verbose
> git config --get commit.template
> git status -z -u
> git symbolic-ref --short HEAD
> git for-each-ref --format=%(refname)%00%(upstream:short)%00%(objectname)%00%(upstream:track) refs/heads/main_giampiero refs/remotes/main_giampiero
> git for-each-ref --sort -committerdate --format %(refname) %(objectname) %(*objectname)
> git remote --verbose
> git config --get commit.template
> git show --textconv :server/index.js
> git ls-files --stage -- /home/jumprix/MoveAround-repository/server/index.js
> git status -z -u
> git symbolic-ref --short HEAD
> git for-each-ref --format=%(refname)%00%(upstream:short)%00%(objectname)%00%(upstream:track) refs/heads/main_giampiero refs/remotes/main_giampiero
> git for-each-ref --sort -committerdate --format %(refname) %(objectname) %(*objectname)
> git remote --verbose
> git config --get commit.template
> git status -z -u
> git symbolic-ref --short HEAD
> git for-each-ref --format=%(refname)%00%(upstream:short)%00%(objectname)%00%(upstream:track) refs/heads/main_giampiero refs/remotes/main_giampiero
> git for-each-ref --sort -committerdate --format %(refname) %(objectname) %(*objectname)
> git remote --verbose
> git config --get commit.template
> git status -z -u
> git symbolic-ref --short HEAD
> git for-each-ref --format=%(refname)%00%(upstream:short)%00%(objectname)%00%(upstream:track) refs/heads/main_giampiero refs/remotes/main_giampiero
> git for-each-ref --sort -committerdate --format %(refname) %(objectname) %(*objectname)
> git remote --verbose
> git config --get commit.template
> git check-ignore -v -z --stdin
> git status -z -u
> git symbolic-ref --short HEAD
> git for-each-ref --format=%(refname)%00%(upstream:short)%00%(objectname)%00%(upstream:track) refs/heads/main_giampiero refs/remotes/main_giampiero
> git for-each-ref --sort -committerdate --format %(refname) %(objectname) %(*objectname)
> git remote --verbose
> git config --get commit.template
> git status -z -u
> git symbolic-ref --short HEAD
> git for-each-ref --format=%(refname)%00%(upstream:short)%00%(objectname)%00%(upstream:track) refs/heads/main_giampiero refs/remotes/main_giampiero
> git for-each-ref --sort -committerdate --format %(refname) %(objectname) %(*objectname)
> git remote --verbose
> git config --get commit.template
> git show --textconv :server/package.json
> git ls-files --stage -- /home/jumprix/MoveAround-repository/server/package.json
> git status -z -u
> git symbolic-ref --short HEAD
> git for-each-ref --format=%(refname)%00%(upstream:short)%00%(objectname)%00%(upstream:track) refs/heads/main_giampiero refs/remotes/main_giampiero
> git for-each-ref --sort -committerdate --format %(refname) %(objectname) %(*objectname)
> git remote --verbose
> git config --get commit.template
> git check-ignore -v -z --stdin
> git check-ignore -v -z --stdin
> git status -z -u
> git symbolic-ref --short HEAD
> git for-each-ref --format=%(refname)%00%(upstream:short)%00%(objectname)%00%(upstream:track) refs/heads/main_giampiero refs/remotes/main_giampiero
> git for-each-ref --sort -committerdate --format %(refname) %(objectname) %(*objectname)
> git remote --verbose
> git config --get commit.template
> git show --textconv :server/index.js
> git ls-files --stage -- /home/jumprix/MoveAround-repository/server/index.js
> git show --textconv :server/package.json
> git ls-files --stage -- /home/jumprix/MoveAround-repository/server/package.json
> git show --textconv :server/index.js
> git ls-files --stage -- /home/jumprix/MoveAround-repository/server/index.js
> git show --textconv :server/package.json
> git ls-files --stage -- /home/jumprix/MoveAround-repository/server/package.json
> git show --textconv :server/package-lock.json
> git ls-files --stage -- /home/jumprix/MoveAround-repository/server/package-lock.json
> git show --textconv :server/package.json
> git ls-files --stage -- /home/jumprix/MoveAround-repository/server/package.json
> git status -z -u
> git symbolic-ref --short HEAD
> git for-each-ref --format=%(refname)%00%(upstream:short)%00%(objectname)%00%(upstream:track) refs/heads/main_giampiero refs/remotes/main_giampiero
> git for-each-ref --sort -committerdate --format %(refname) %(objectname) %(*objectname)
> git remote --verbose
> git config --get commit.template
> git show --textconv :server/index.js
> git ls-files --stage -- /home/jumprix/MoveAround-repository/server/index.js
> git show --textconv :server/package.json
> git ls-files --stage -- /home/jumprix/MoveAround-repository/server/package.json
> git show --textconv :server/package-lock.json
> git ls-files --stage -- /home/jumprix/MoveAround-repository/server/package-lock.json
> git show --textconv :server/package.json
> git ls-files --stage -- /home/jumprix/MoveAround-repository/server/package.json
> git check-ignore -v -z --stdin
> git check-ignore -v -z --stdin
> git check-ignore -v -z --stdin
> git check-ignore -v -z --stdin
> git check-ignore -v -z --stdin
> git show --textconv :server/index.js
> git ls-files --stage -- /home/jumprix/MoveAround-repository/server/index.js
> git show --textconv :server/package.json
> git ls-files --stage -- /home/jumprix/MoveAround-repository/server/package.json
> git show --textconv :server/package-lock.json
> git ls-files --stage -- /home/jumprix/MoveAround-repository/server/package-lock.json
> git show --textconv :server/package.json
> git ls-files --stage -- /home/jumprix/MoveAround-repository/server/package.json
> git show --textconv :server/package-lock.json
> git ls-files --stage -- /home/jumprix/MoveAround-repository/server/package-lock.json
> git show --textconv :server/package.json
> git ls-files --stage -- /home/jumprix/MoveAround-repository/server/package.json
> git status -z -u
> git symbolic-ref --short HEAD
> git for-each-ref --format=%(refname)%00%(upstream:short)%00%(objectname)%00%(upstream:track) refs/heads/main_giampiero refs/remotes/main_giampiero
> git for-each-ref --sort -committerdate --format %(refname) %(objectname) %(*objectname)
> git remote --verbose
> git config --get commit.template
> git show --textconv :server/index.js
> git ls-files --stage -- /home/jumprix/MoveAround-repository/server/index.js
> git show --textconv :server/package.json
> git ls-files --stage -- /home/jumprix/MoveAround-repository/server/package.json
> git show --textconv :server/index.js
> git ls-files --stage -- /home/jumprix/MoveAround-repository/server/index.js
> git status -z -u
> git symbolic-ref --short HEAD
> git for-each-ref --format=%(refname)%00%(upstream:short)%00%(objectname)%00%(upstream:track) refs/heads/main_giampiero refs/remotes/main_giampiero
> git for-each-ref --sort -committerdate --format %(refname) %(objectname) %(*objectname)
> git remote --verbose
> git config --get commit.template
> git status -z -u
> git symbolic-ref --short HEAD
> git for-each-ref --format=%(refname)%00%(upstream:short)%00%(objectname)%00%(upstream:track) refs/heads/main_giampiero refs/remotes/main_giampiero
> git for-each-ref --sort -committerdate --format %(refname) %(objectname) %(*objectname)
> git remote --verbose
> git config --get commit.template
> git status -z -u
> git symbolic-ref --short HEAD
> git for-each-ref --format=%(refname)%00%(upstream:short)%00%(objectname)%00%(upstream:track) refs/heads/main_giampiero refs/remotes/main_giampiero
> git for-each-ref --sort -committerdate --format %(refname) %(objectname) %(*objectname)
> git remote --verbose
> git config --get commit.template
> git status -z -u
> git symbolic-ref --short HEAD
> git for-each-ref --format=%(refname)%00%(upstream:short)%00%(objectname)%00%(upstream:track) refs/heads/main_giampiero refs/remotes/main_giampiero
> git for-each-ref --sort -committerdate --format %(refname) %(objectname) %(*objectname)
> git remote --verbose
> git config --get commit.template
> git show --textconv :server/index.js
> git ls-files --stage -- /home/jumprix/MoveAround-repository/server/index.js
> git status -z -u
> git symbolic-ref --short HEAD
> git for-each-ref --format=%(refname)%00%(upstream:short)%00%(objectname)%00%(upstream:track) refs/heads/main_giampiero refs/remotes/main_giampiero
> git for-each-ref --sort -committerdate --format %(refname) %(objectname) %(*objectname)
> git remote --verbose
> git config --get commit.template
> git status -z -u
> git symbolic-ref --short HEAD
> git for-each-ref --format=%(refname)%00%(upstream:short)%00%(objectname)%00%(upstream:track) refs/heads/main_giampiero refs/remotes/main_giampiero
> git for-each-ref --sort -committerdate --format %(refname) %(objectname) %(*objectname)
> git remote --verbose
> git config --get commit.template
> git show --textconv :server/package.json
> git ls-files --stage -- /home/jumprix/MoveAround-repository/server/package.json
> git show --textconv :server/index.js
> git ls-files --stage -- /home/jumprix/MoveAround-repository/server/index.js
> git status -z -u
> git symbolic-ref --short HEAD
> git for-each-ref --format=%(refname)%00%(upstream:short)%00%(objectname)%00%(upstream:track) refs/heads/main_giampiero refs/remotes/main_giampiero
> git for-each-ref --sort -committerdate --format %(refname) %(objectname) %(*objectname)
> git remote --verbose
> git config --get commit.template
> git status -z -u
> git symbolic-ref --short HEAD
> git for-each-ref --format=%(refname)%00%(upstream:short)%00%(objectname)%00%(upstream:track) refs/heads/main_giampiero refs/remotes/main_giampiero
> git for-each-ref --sort -committerdate --format %(refname) %(objectname) %(*objectname)
> git remote --verbose
> git config --get commit.template
> git show --textconv :server/package.json
> git ls-files --stage -- /home/jumprix/MoveAround-repository/server/package.json
> git show --textconv :server/index.js
> git ls-files --stage -- /home/jumprix/MoveAround-repository/server/index.js
> git show --textconv :server/package.json
> git ls-files --stage -- /home/jumprix/MoveAround-repository/server/package.json
> git show --textconv :server/index.js
> git ls-files --stage -- /home/jumprix/MoveAround-repository/server/index.js
> git status -z -u
> git symbolic-ref --short HEAD
> git for-each-ref --format=%(refname)%00%(upstream:short)%00%(objectname)%00%(upstream:track) refs/heads/main_giampiero refs/remotes/main_giampiero
> git for-each-ref --sort -committerdate --format %(refname) %(objectname) %(*objectname)
> git remote --verbose
> git config --get commit.template
> git status -z -u
> git symbolic-ref --short HEAD
> git for-each-ref --format=%(refname)%00%(upstream:short)%00%(objectname)%00%(upstream:track) refs/heads/main_giampiero refs/remotes/main_giampiero
> git for-each-ref --sort -committerdate --format %(refname) %(objectname) %(*objectname)
> git remote --verbose
> git config --get commit.template
> git status -z -u
> git symbolic-ref --short HEAD
> git for-each-ref --format=%(refname)%00%(upstream:short)%00%(objectname)%00%(upstream:track) refs/heads/main_giampiero refs/remotes/main_giampiero
> git for-each-ref --sort -committerdate --format %(refname) %(objectname) %(*objectname)
> git remote --verbose
> git config --get commit.template
> git check-ignore -v -z --stdin
> git status -z -u
> git symbolic-ref --short HEAD
> git for-each-ref --format=%(refname)%00%(upstream:short)%00%(objectname)%00%(upstream:track) refs/heads/main_giampiero refs/remotes/main_giampiero
> git for-each-ref --sort -committerdate --format %(refname) %(objectname) %(*objectname)
> git remote --verbose
> git config --get commit.template
> git status -z -u
> git symbolic-ref --short HEAD
> git for-each-ref --format=%(refname)%00%(upstream:short)%00%(objectname)%00%(upstream:track) refs/heads/main_giampiero refs/remotes/main_giampiero
> git for-each-ref --sort -committerdate --format %(refname) %(objectname) %(*objectname)
> git remote --verbose
> git config --get commit.template
> git show --textconv :client/src/index.js
> git ls-files --stage -- /home/jumprix/MoveAround-repository/client/src/index.js
> git status -z -u
> git symbolic-ref --short HEAD
> git for-each-ref --format=%(refname)%00%(upstream:short)%00%(objectname)%00%(upstream:track) refs/heads/main_giampiero refs/remotes/main_giampiero
> git for-each-ref --sort -committerdate --format %(refname) %(objectname) %(*objectname)
> git remote --verbose
> git config --get commit.template
> git show --textconv :client/src/App.js
> git ls-files --stage -- /home/jumprix/MoveAround-repository/client/src/App.js
> git status -z -u
> git symbolic-ref --short HEAD
> git for-each-ref --format=%(refname)%00%(upstream:short)%00%(objectname)%00%(upstream:track) refs/heads/main_giampiero refs/remotes/main_giampiero
> git for-each-ref --sort -committerdate --format %(refname) %(objectname) %(*objectname)
> git remote --verbose
> git config --get commit.template
> git status -z -u
> git symbolic-ref --short HEAD
> git for-each-ref --format=%(refname)%00%(upstream:short)%00%(objectname)%00%(upstream:track) refs/heads/main_giampiero refs/remotes/main_giampiero
> git for-each-ref --sort -committerdate --format %(refname) %(objectname) %(*objectname)
> git remote --verbose
> git config --get commit.template
> git show --textconv :client/src/index.js
> git ls-files --stage -- /home/jumprix/MoveAround-repository/client/src/index.js
> git status -z -u
> git symbolic-ref --short HEAD
> git for-each-ref --format=%(refname)%00%(upstream:short)%00%(objectname)%00%(upstream:track) refs/heads/main_giampiero refs/remotes/main_giampiero
> git for-each-ref --sort -committerdate --format %(refname) %(objectname) %(*objectname)
> git remote --verbose
> git config --get commit.template
> git status -z -u
> git symbolic-ref --short HEAD
> git for-each-ref --format=%(refname)%00%(upstream:short)%00%(objectname)%00%(upstream:track) refs/heads/main_giampiero refs/remotes/main_giampiero
> git for-each-ref --sort -committerdate --format %(refname) %(objectname) %(*objectname)
> git remote --verbose
> git config --get commit.template
> git status -z -u
> git symbolic-ref --short HEAD
> git for-each-ref --format=%(refname)%00%(upstream:short)%00%(objectname)%00%(upstream:track) refs/heads/main_giampiero refs/remotes/main_giampiero
> git for-each-ref --sort -committerdate --format %(refname) %(objectname) %(*objectname)
> git remote --verbose
> git config --get commit.template
> git status -z -u
> git symbolic-ref --short HEAD
> git for-each-ref --format=%(refname)%00%(upstream:short)%00%(objectname)%00%(upstream:track) refs/heads/main_giampiero refs/remotes/main_giampiero
> git for-each-ref --sort -committerdate --format %(refname) %(objectname) %(*objectname)
> git remote --verbose
> git config --get commit.template
> git show --textconv :client/src/App.js
> git ls-files --stage -- /home/jumprix/MoveAround-repository/client/src/App.js
> git show --textconv :client/src/index.js
> git ls-files --stage -- /home/jumprix/MoveAround-repository/client/src/index.js
> git show --textconv :server/index.js
> git ls-files --stage -- /home/jumprix/MoveAround-repository/server/index.js
> git status -z -u
> git symbolic-ref --short HEAD
> git for-each-ref --format=%(refname)%00%(upstream:short)%00%(objectname)%00%(upstream:track) refs/heads/main_giampiero refs/remotes/main_giampiero
> git for-each-ref --sort -committerdate --format %(refname) %(objectname) %(*objectname)
> git remote --verbose
> git config --get commit.template
> git status -z -u
> git symbolic-ref --short HEAD
> git for-each-ref --format=%(refname)%00%(upstream:short)%00%(objectname)%00%(upstream:track) refs/heads/main_giampiero refs/remotes/main_giampiero
> git for-each-ref --sort -committerdate --format %(refname) %(objectname) %(*objectname)
> git remote --verbose
> git config --get commit.template
> git status -z -u
> git symbolic-ref --short HEAD
> git for-each-ref --format=%(refname)%00%(upstream:short)%00%(objectname)%00%(upstream:track) refs/heads/main_giampiero refs/remotes/main_giampiero
> git for-each-ref --sort -committerdate --format %(refname) %(objectname) %(*objectname)
> git remote --verbose
> git config --get commit.template
> git show --textconv :server/package.json
> git ls-files --stage -- /home/jumprix/MoveAround-repository/server/package.json
> git show --textconv :server/index.js
> git ls-files --stage -- /home/jumprix/MoveAround-repository/server/index.js
