Looking for git in: git
Using git 2.25.1 from git
> git rev-parse --git-dir
Open repository: /home/jumprix/MoveAround-repository
> git fetch
> git status -z -u
> git symbolic-ref --short HEAD
> git for-each-ref --format=%(refname)%00%(upstream:short)%00%(objectname)%00%(upstream:track) refs/heads/main_giampiero refs/remotes/main_giampiero
> git for-each-ref --sort -committerdate --format %(refname) %(objectname) %(*objectname)
> git remote --verbose
> git config --get commit.template
Missing or invalid credentials.
Skip silent fetch commands
Missing or invalid credentials.
Skip silent fetch commands
remote: Repository not found.
fatal: Authentication failed for 'https://github.com/salvodanna/MoveAround-repository.git/'
> git check-ignore -v -z --stdin
> git show --textconv :README.md
> git ls-files --stage -- /home/jumprix/MoveAround-repository/README.md
> git cat-file -s 7a000b52d2110022a85a757b441f4b459c01cfc7
> git config --local branch.main_giampiero.github-pr-owner-number
> git check-ignore -v -z --stdin
